TN:
SF:src/customElements/aa-affect-grid/aa-affect-grid.ts
FN:184,AAAffectGrid
FN:8,get tag
FN:12,get properties
FN:121,get acceptsElements
FN:125,get observedAttributes
FN:131,get x
FN:137,get y
FN:143,get value
FN:150,set value
FN:155,get minLabel
FN:159,get maxLabel
FN:163,set minLabel
FN:167,set maxLabel
FN:171,set min
FN:175,set max
FN:194,connectedCallback
FN:272,get css
FN:372,get html
FNF:18
FNH:18
FNDA:13,AAAffectGrid
FNDA:1,get tag
FNDA:27,get properties
FNDA:1,get acceptsElements
FNDA:14,get observedAttributes
FNDA:2,get x
FNDA:2,get y
FNDA:58,get value
FNDA:7,set value
FNDA:2,get minLabel
FNDA:2,get maxLabel
FNDA:1,set minLabel
FNDA:1,set maxLabel
FNDA:1,set min
FNDA:1,set max
FNDA:13,connectedCallback
FNDA:13,get css
FNDA:13,get html
DA:1,1
DA:2,1
DA:3,1
DA:4,1
DA:5,1
DA:6,1
DA:7,1
DA:8,1
DA:9,1
DA:10,1
DA:11,1
DA:12,1
DA:13,27
DA:14,27
DA:15,27
DA:16,27
DA:17,27
DA:18,27
DA:19,27
DA:20,27
DA:21,27
DA:22,27
DA:23,27
DA:24,27
DA:25,27
DA:26,27
DA:27,27
DA:28,27
DA:29,27
DA:30,27
DA:31,27
DA:32,27
DA:33,27
DA:34,27
DA:35,27
DA:36,27
DA:37,27
DA:38,27
DA:39,27
DA:40,27
DA:41,27
DA:42,27
DA:43,27
DA:44,27
DA:45,27
DA:46,27
DA:47,27
DA:48,27
DA:49,27
DA:50,27
DA:51,27
DA:52,27
DA:53,27
DA:54,27
DA:55,27
DA:56,27
DA:57,27
DA:58,27
DA:59,27
DA:60,27
DA:61,27
DA:62,27
DA:63,27
DA:64,27
DA:65,27
DA:66,27
DA:67,27
DA:68,27
DA:69,27
DA:70,27
DA:71,27
DA:72,27
DA:73,27
DA:74,27
DA:75,27
DA:76,27
DA:77,27
DA:78,27
DA:79,27
DA:80,27
DA:81,27
DA:82,27
DA:83,27
DA:84,27
DA:85,27
DA:86,27
DA:87,27
DA:88,27
DA:89,27
DA:90,27
DA:91,27
DA:92,27
DA:93,27
DA:94,27
DA:95,27
DA:96,27
DA:97,27
DA:98,27
DA:99,27
DA:100,27
DA:101,27
DA:102,27
DA:103,27
DA:104,27
DA:105,27
DA:106,27
DA:107,27
DA:108,27
DA:109,27
DA:110,27
DA:111,27
DA:112,27
DA:113,27
DA:114,27
DA:115,27
DA:116,27
DA:117,27
DA:118,27
DA:119,27
DA:120,1
DA:121,1
DA:122,1
DA:123,1
DA:124,1
DA:125,1
DA:126,14
DA:127,14
DA:128,1
DA:129,1
DA:130,1
DA:131,1
DA:132,2
DA:133,2
DA:134,1
DA:135,2
DA:136,1
DA:137,1
DA:138,2
DA:139,2
DA:140,1
DA:141,2
DA:142,1
DA:143,1
DA:144,58
DA:145,58
DA:146,13
DA:147,13
DA:148,13
DA:149,58
DA:150,1
DA:151,7
DA:152,7
DA:153,7
DA:154,1
DA:155,1
DA:156,2
DA:157,2
DA:158,1
DA:159,1
DA:160,2
DA:161,2
DA:162,1
DA:163,1
DA:164,1
DA:165,1
DA:166,1
DA:167,1
DA:168,1
DA:169,1
DA:170,1
DA:171,1
DA:172,1
DA:173,1
DA:174,1
DA:175,1
DA:176,1
DA:177,1
DA:178,1
DA:179,1
DA:180,1
DA:181,1
DA:182,1
DA:183,1
DA:184,1
DA:185,13
DA:186,13
DA:187,13
DA:188,13
DA:189,13
DA:190,13
DA:191,1
DA:192,1
DA:193,1
DA:194,1
DA:195,13
DA:196,13
DA:197,13
DA:198,13
DA:199,13
DA:200,13
DA:201,13
DA:202,13
DA:203,13
DA:204,13
DA:205,13
DA:206,13
DA:207,13
DA:208,13
DA:209,13
DA:210,13
DA:211,13
DA:212,13
DA:213,13
DA:214,13
DA:215,13
DA:216,13
DA:217,13
DA:218,13
DA:219,13
DA:220,13
DA:221,13
DA:222,7
DA:223,7
DA:224,7
DA:225,7
DA:226,7
DA:227,7
DA:228,7
DA:229,2
DA:230,2
DA:231,7
DA:232,7
DA:233,7
DA:234,7
DA:235,7
DA:236,7
DA:237,7
DA:238,2
DA:239,2
DA:240,1
DA:241,1
DA:242,2
DA:243,7
DA:244,7
DA:245,13
DA:246,13
DA:247,13
DA:248,13
DA:249,13
DA:250,13
DA:251,13
DA:252,13
DA:253,13
DA:254,13
DA:255,13
DA:256,0
DA:257,0
DA:258,0
DA:259,0
DA:260,0
DA:261,13
DA:262,13
DA:263,13
DA:264,13
DA:265,13
DA:266,13
DA:267,13
DA:268,13
DA:269,13
DA:270,13
DA:271,1
DA:272,1
DA:273,13
DA:274,13
DA:275,13
DA:276,13
DA:277,13
DA:278,13
DA:279,13
DA:280,13
DA:281,13
DA:282,13
DA:283,13
DA:284,13
DA:285,13
DA:286,13
DA:287,13
DA:288,13
DA:289,13
DA:290,13
DA:291,13
DA:292,13
DA:293,13
DA:294,13
DA:295,13
DA:296,13
DA:297,13
DA:298,13
DA:299,13
DA:300,13
DA:301,13
DA:302,13
DA:303,13
DA:304,13
DA:305,13
DA:306,13
DA:307,13
DA:308,13
DA:309,13
DA:310,13
DA:311,13
DA:312,13
DA:313,13
DA:314,13
DA:315,13
DA:316,13
DA:317,13
DA:318,13
DA:319,13
DA:320,13
DA:321,13
DA:322,13
DA:323,13
DA:324,13
DA:325,13
DA:326,13
DA:327,13
DA:328,13
DA:329,13
DA:330,13
DA:331,13
DA:332,13
DA:333,13
DA:334,13
DA:335,13
DA:336,13
DA:337,13
DA:338,13
DA:339,13
DA:340,13
DA:341,13
DA:342,13
DA:343,13
DA:344,13
DA:345,13
DA:346,13
DA:347,13
DA:348,13
DA:349,13
DA:350,13
DA:351,13
DA:352,13
DA:353,13
DA:354,13
DA:355,13
DA:356,13
DA:357,13
DA:358,13
DA:359,13
DA:360,13
DA:361,13
DA:362,13
DA:363,13
DA:364,13
DA:365,13
DA:366,13
DA:367,13
DA:368,13
DA:369,13
DA:370,13
DA:371,1
DA:372,1
DA:373,13
DA:374,13
DA:375,13
DA:376,13
DA:377,95
DA:378,805
DA:379,805
DA:380,805
DA:381,95
DA:382,13
DA:383,13
DA:384,13
DA:385,13
DA:386,13
DA:387,13
DA:388,13
DA:389,13
DA:390,13
DA:391,13
DA:392,13
DA:393,13
DA:394,13
DA:395,13
DA:396,13
DA:397,13
DA:398,13
DA:399,13
DA:400,13
DA:401,13
DA:402,13
DA:403,13
DA:404,13
DA:405,13
DA:406,13
DA:407,13
DA:408,13
DA:409,13
DA:410,13
DA:411,13
DA:412,13
DA:413,13
DA:414,13
DA:415,13
DA:416,13
DA:417,13
DA:418,13
DA:419,13
DA:420,13
DA:421,13
DA:422,13
DA:423,13
DA:424,13
DA:425,13
DA:426,13
DA:427,13
DA:428,13
DA:429,13
DA:430,13
DA:431,13
DA:432,13
DA:433,13
DA:434,1
DA:435,1
DA:436,1
DA:437,1
DA:438,1
LF:438
LH:433
BRDA:184,0,0,13
BRDA:8,1,0,1
BRDA:12,2,0,27
BRDA:121,3,0,1
BRDA:125,4,0,14
BRDA:131,5,0,2
BRDA:133,6,0,1
BRDA:137,7,0,2
BRDA:139,8,0,1
BRDA:143,9,0,58
BRDA:145,10,0,45
BRDA:145,11,0,13
BRDA:150,12,0,7
BRDA:155,13,0,2
BRDA:159,14,0,2
BRDA:163,15,0,1
BRDA:167,16,0,1
BRDA:171,17,0,1
BRDA:175,18,0,1
BRDA:194,19,0,13
BRDA:197,20,0,12
BRDA:200,21,0,12
BRDA:203,22,0,12
BRDA:206,23,0,12
BRDA:221,24,0,7
BRDA:228,25,0,2
BRDA:237,26,0,5
BRDA:237,27,0,2
BRDA:239,28,0,1
BRDA:239,29,0,1
BRDA:272,30,0,13
BRDA:372,31,0,13
BRDA:376,32,0,95
BRDA:377,33,0,805
BRDA:378,34,0,95
BRDA:378,35,0,710
BRDA:378,36,0,95
BRDA:378,37,0,710
BRDA:378,38,0,95
BRDA:378,39,0,710
BRDA:378,40,0,95
BRDA:378,41,0,710
BRF:42
BRH:42
end_of_record
TN:
SF:src/customElements/aa-base-element/aa-base-element.ts
FN:30,html
FN:125,AABaseElement
FN:71,registerAAElement
FN:80,isAAElement
FN:87,createFragmentForNode
FN:96,createHolderForNode
FN:102,scanAndReplace
FN:131,connectedCallback
FN:149,getMemory
FN:188,makePropertiesFromAttributes
FN:203,get
FN:211,set
FN:221,toCamelCase
FN:229,toHyphenated
FN:243,setAttributeDefaultValues
FN:275,copy
FN:292,getAttributes
FN:311,toJSON
FN:325,nodeToJSON
FN:364,toYAML
FN:369,toJSL
FN:375,produceDiagram
FN:410,getDomPathAsName
FN:465,getVariableName
FN:475,_dispatchDebugEvent
FN:483,_dispatchEndEvent
FN:492,_getParentSession
FNF:27
FNH:26
FNDA:1235,html
FNDA:413,AABaseElement
FNDA:47,registerAAElement
FNDA:581,isAAElement
FNDA:72,createFragmentForNode
FNDA:43,createHolderForNode
FNDA:427,scanAndReplace
FNDA:232,connectedCallback
FNDA:38,getMemory
FNDA:413,makePropertiesFromAttributes
FNDA:8583,get
FNDA:215,set
FNDA:3492,toCamelCase
FNDA:2,toHyphenated
FNDA:305,setAttributeDefaultValues
FNDA:132,copy
FNDA:15,getAttributes
FNDA:13,toJSON
FNDA:45,nodeToJSON
FNDA:0,toYAML
FNDA:1,toJSL
FNDA:6,produceDiagram
FNDA:20,getDomPathAsName
FNDA:27,getVariableName
FNDA:1,_dispatchDebugEvent
FNDA:33,_dispatchEndEvent
FNDA:7,_getParentSession
DA:1,17
DA:2,17
DA:3,17
DA:4,17
DA:5,17
DA:6,17
DA:7,17
DA:8,17
DA:9,17
DA:10,17
DA:11,17
DA:12,17
DA:13,17
DA:14,17
DA:15,17
DA:16,17
DA:17,17
DA:18,17
DA:19,17
DA:20,17
DA:21,17
DA:22,17
DA:23,17
DA:24,17
DA:25,17
DA:26,17
DA:27,17
DA:28,17
DA:29,17
DA:30,17
DA:31,1235
DA:32,1235
DA:33,1235
DA:34,5246
DA:35,5246
DA:36,5246
DA:37,5246
DA:38,1235
DA:39,1235
DA:40,17
DA:41,17
DA:42,17
DA:43,17
DA:44,17
DA:45,17
DA:46,17
DA:47,17
DA:48,17
DA:49,17
DA:50,17
DA:51,17
DA:52,17
DA:53,17
DA:54,17
DA:55,17
DA:56,17
DA:57,17
DA:58,17
DA:59,17
DA:60,17
DA:61,17
DA:62,17
DA:63,17
DA:64,17
DA:65,17
DA:66,17
DA:67,17
DA:68,17
DA:69,17
DA:70,17
DA:71,17
DA:72,47
DA:73,47
DA:74,47
DA:75,47
DA:76,47
DA:77,47
DA:78,47
DA:79,17
DA:80,17
DA:81,581
DA:82,108
DA:83,108
DA:84,473
DA:85,581
DA:86,17
DA:87,17
DA:88,72
DA:89,72
DA:90,202
DA:91,202
DA:92,202
DA:93,72
DA:94,72
DA:95,17
DA:96,17
DA:97,43
DA:98,43
DA:99,43
DA:100,43
DA:101,17
DA:102,17
DA:103,427
DA:104,427
DA:105,89
DA:106,89
DA:107,338
DA:108,43
DA:109,43
DA:110,43
DA:111,43
DA:112,295
DA:113,286
DA:114,286
DA:115,427
DA:116,17
DA:117,17
DA:118,17
DA:119,17
DA:120,17
DA:121,17
DA:122,17
DA:123,17
DA:124,17
DA:125,17
DA:126,413
DA:127,413
DA:128,413
DA:129,413
DA:130,17
DA:131,17
DA:132,232
DA:133,232
DA:134,232
DA:135,30
DA:136,30
DA:137,30
DA:138,30
DA:139,30
DA:140,30
DA:141,78
DA:142,78
DA:143,30
DA:144,30
DA:145,232
DA:146,232
DA:147,232
DA:148,17
DA:149,17
DA:150,38
DA:151,38
DA:152,82
DA:153,65
DA:154,65
DA:155,21
DA:156,38
DA:157,17
DA:158,17
DA:159,17
DA:160,17
DA:161,17
DA:162,17
DA:163,17
DA:164,17
DA:165,17
DA:166,17
DA:167,17
DA:168,17
DA:169,17
DA:170,17
DA:171,17
DA:172,17
DA:173,17
DA:174,17
DA:175,17
DA:176,17
DA:177,17
DA:178,17
DA:179,17
DA:180,17
DA:181,17
DA:182,17
DA:183,17
DA:184,17
DA:185,17
DA:186,17
DA:187,17
DA:188,17
DA:189,413
DA:190,413
DA:191,413
DA:192,413
DA:193,413
DA:194,346
DA:195,406
DA:196,1751
DA:197,1751
DA:198,1751
DA:199,84
DA:200,1699
DA:201,1667
DA:202,1667
DA:203,1667
DA:204,8583
DA:205,8583
DA:206,8583
DA:207,8192
DA:208,7881
DA:209,7866
DA:210,8583
DA:211,1667
DA:212,215
DA:213,215
DA:214,215
DA:215,1667
DA:216,1667
DA:217,1751
DA:218,1751
DA:219,413
DA:220,17
DA:221,17
DA:222,3492
DA:223,3492
DA:224,3492
DA:225,2102
DA:226,2102
DA:227,3492
DA:228,3492
DA:229,17
DA:230,2
DA:231,2
DA:232,50
DA:233,50
DA:234,8
DA:235,8
DA:236,50
DA:237,42
DA:238,42
DA:239,50
DA:240,2
DA:241,2
DA:242,17
DA:243,17
DA:244,305
DA:245,305
DA:246,305
DA:247,305
DA:248,1739
DA:249,1739
DA:250,1344
DA:251,791
DA:252,6
DA:253,6
DA:254,791
DA:255,0
DA:256,0
DA:257,785
DA:258,0
DA:259,0
DA:260,785
DA:261,785
DA:262,785
DA:263,791
DA:264,553
DA:265,553
DA:266,553
DA:267,553
DA:268,553
DA:269,1344
DA:270,1739
DA:271,305
DA:272,305
DA:273,305
DA:274,17
DA:275,17
DA:276,132
DA:277,132
DA:278,29
DA:279,4
DA:280,4
DA:281,29
DA:282,25
DA:283,25
DA:284,25
DA:285,29
DA:286,103
DA:287,103
DA:288,103
DA:289,132
DA:290,132
DA:291,17
DA:292,17
DA:293,15
DA:294,15
DA:295,15
DA:296,59
DA:297,17
DA:298,17
DA:299,17
DA:300,59
DA:301,42
DA:302,9
DA:303,9
DA:304,9
DA:305,33
DA:306,33
DA:307,59
DA:308,15
DA:309,15
DA:310,17
DA:311,17
DA:312,13
DA:313,13
DA:314,13
DA:315,13
DA:316,13
DA:317,13
DA:318,13
DA:319,23
DA:320,13
DA:321,13
DA:322,13
DA:323,13
DA:324,17
DA:325,17
DA:326,45
DA:327,45
DA:328,33
DA:329,33
DA:330,33
DA:331,19
DA:332,19
DA:333,19
DA:334,14
DA:335,33
DA:336,12
DA:337,6
DA:338,6
DA:339,6
DA:340,6
DA:341,6
DA:342,6
DA:343,6
DA:344,6
DA:345,6
DA:346,1
DA:347,1
DA:348,6
DA:349,6
DA:350,6
DA:351,6
DA:352,6
DA:353,6
DA:354,6
DA:355,6
DA:356,6
DA:357,6
DA:358,6
DA:359,6
DA:360,0
DA:361,0
DA:362,45
DA:363,17
DA:364,17
DA:365,0
DA:366,0
DA:367,17
DA:368,17
DA:369,17
DA:370,1
DA:371,1
DA:372,17
DA:373,17
DA:374,17
DA:375,17
DA:376,6
DA:377,2
DA:378,2
DA:379,6
DA:380,6
DA:381,6
DA:382,6
DA:383,6
DA:384,6
DA:385,6
DA:386,6
DA:387,6
DA:388,6
DA:389,6
DA:390,6
DA:391,6
DA:392,6
DA:393,6
DA:394,6
DA:395,6
DA:396,3
DA:397,6
DA:398,3
DA:399,3
DA:400,6
DA:401,1
DA:402,6
DA:403,6
DA:404,6
DA:405,17
DA:406,17
DA:407,17
DA:408,17
DA:409,17
DA:410,17
DA:411,20
DA:412,20
DA:413,20
DA:414,20
DA:415,20
DA:416,82
DA:417,82
DA:418,82
DA:419,82
DA:420,243
DA:421,243
DA:422,86
DA:423,82
DA:424,82
DA:425,86
DA:426,86
DA:427,243
DA:428,82
DA:429,55
DA:430,55
DA:431,55
DA:432,55
DA:433,82
DA:434,19
DA:435,82
DA:436,4
DA:437,8
DA:438,2
DA:439,4
DA:440,2
DA:441,2
DA:442,27
DA:443,27
DA:444,20
DA:445,9
DA:446,6
DA:447,9
DA:448,1
DA:449,3
DA:450,1
DA:451,1
DA:452,1
DA:453,1
DA:454,9
DA:455,20
DA:456,20
DA:457,16
DA:458,16
DA:459,20
DA:460,20
DA:461,20
DA:462,20
DA:463,20
DA:464,17
DA:465,17
DA:466,27
DA:467,27
DA:468,12
DA:469,27
DA:470,15
DA:471,15
DA:472,27
DA:473,17
DA:474,17
DA:475,17
DA:476,1
DA:477,1
DA:478,1
DA:479,1
DA:480,17
DA:481,17
DA:482,17
DA:483,17
DA:484,33
DA:485,33
DA:486,33
DA:487,33
DA:488,33
DA:489,33
DA:490,33
DA:491,17
DA:492,17
DA:493,7
DA:494,7
DA:495,12
DA:496,12
DA:497,7
DA:498,7
DA:499,17
DA:500,17
DA:501,17
DA:502,17
DA:503,17
DA:504,17
DA:505,17
DA:506,17
DA:507,17
DA:508,17
DA:509,17
LF:509
LH:501
BRDA:30,0,0,1235
BRDA:33,1,0,5246
BRDA:125,2,0,413
BRDA:71,3,0,22
BRDA:73,4,0,0
BRDA:131,5,0,232
BRDA:134,6,0,30
BRDA:188,7,0,413
BRDA:193,8,0,67
BRDA:195,9,0,1751
BRDA:198,10,0,84
BRDA:200,11,0,1667
BRDA:217,12,0,1751
BRDA:203,13,0,8583
BRDA:206,14,0,391
BRDA:207,15,0,311
BRDA:208,16,0,15
BRDA:211,17,0,949
BRDA:221,18,0,3492
BRDA:224,19,0,2102
BRDA:243,20,0,305
BRDA:247,21,0,1739
BRDA:249,22,0,398
BRDA:249,23,0,1344
BRDA:250,24,0,791
BRDA:251,25,0,6
BRDA:254,26,0,0
BRDA:257,27,0,0
BRDA:263,28,0,553
BRDA:265,29,0,443
BRDA:266,30,0,128
BRDA:267,31,0,0
BRDA:249,32,0,1638
BRDA:254,33,0,785
BRDA:292,34,0,15
BRDA:295,35,0,59
BRDA:296,36,0,17
BRDA:299,37,0,42
BRDA:300,38,0,42
BRDA:301,39,0,9
BRDA:304,40,0,33
BRDA:311,41,0,13
BRDA:318,42,0,23
BRDA:325,43,0,45
BRDA:327,44,0,13
BRDA:327,45,0,33
BRDA:330,46,0,19
BRDA:333,47,0,14
BRDA:335,48,0,12
BRDA:338,49,0,6
BRDA:206,50,0,8192
BRDA:265,51,0,542
BRDA:296,52,0,58
BRDA:80,53,0,581
BRDA:81,54,0,108
BRDA:83,55,0,473
BRDA:87,56,0,72
BRDA:89,57,0,202
BRDA:96,58,0,43
BRDA:102,59,0,427
BRDA:104,60,0,89
BRDA:106,61,0,338
BRDA:107,62,0,43
BRDA:111,63,0,295
BRDA:112,64,0,286
BRDA:149,65,0,38
BRDA:151,66,0,82
BRDA:152,67,0,74
BRDA:154,68,0,21
BRDA:193,69,0,346
BRDA:207,70,0,7881
BRDA:275,71,0,132
BRDA:281,72,0,25
BRDA:285,73,0,103
BRDA:375,74,0,6
BRDA:376,75,0,2
BRDA:395,76,0,3
BRDA:483,77,0,33
BRDA:492,78,0,7
BRDA:494,79,0,18
BRDA:494,80,0,12
BRDA:152,81,0,17
BRDA:152,82,0,65
BRDA:465,83,0,27
BRDA:469,84,0,15
BRDA:140,85,0,78
BRDA:193,86,0,406
BRDA:208,87,0,7866
BRDA:397,88,0,3
BRDA:400,89,0,4
BRDA:410,90,0,20
BRDA:415,91,0,93
BRDA:415,92,0,82
BRDA:419,93,0,243
BRDA:421,94,0,86
BRDA:422,95,0,82
BRDA:428,96,0,55
BRDA:432,97,0,28
BRDA:433,98,0,19
BRDA:435,99,0,8
BRDA:441,100,0,27
BRDA:444,101,0,9
BRDA:456,102,0,16
BRDA:467,103,0,12
BRDA:277,104,0,29
BRDA:278,105,0,4
BRDA:432,106,0,27
BRDA:433,107,0,19
BRDA:435,108,0,4
BRDA:435,109,0,4
BRDA:437,110,0,4
BRDA:437,111,0,2
BRDA:447,112,0,3
BRDA:336,113,0,11
BRDA:345,114,0,1
BRDA:359,115,0,0
BRDA:428,116,0,81
BRDA:198,117,0,1699
BRDA:229,118,0,2
BRDA:231,119,0,50
BRDA:233,120,0,8
BRDA:236,121,0,42
BRDA:336,122,0,6
BRDA:369,123,0,1
BRDA:439,124,0,2
BRDA:445,125,0,6
BRDA:445,126,0,6
BRDA:447,127,0,1
BRDA:447,128,0,1
BRDA:449,129,0,2
BRDA:449,130,0,2
BRDA:475,131,0,1
BRF:132
BRH:127
end_of_record
TN:
SF:src/customElements/aa-checkboxes/aa-checkboxes.ts
FN:6,get category
FN:13,get tag
FN:17,get properties
FN:43,get acceptsElements
FN:49,get observedAttributes
FN:54,get value
FN:69,set value
FN:91,AACheckboxes
FN:99,connectedCallback
FN:141,toJSON
FNF:10
FNH:10
FNDA:1,get category
FNDA:1,get tag
FNDA:19,get properties
FNDA:1,get acceptsElements
FNDA:13,get observedAttributes
FNDA:55,get value
FNDA:2,set value
FNDA:12,AACheckboxes
FNDA:11,connectedCallback
FNDA:1,toJSON
DA:1,3
DA:2,3
DA:3,3
DA:4,3
DA:5,3
DA:6,3
DA:7,1
DA:8,1
DA:9,3
DA:10,3
DA:11,3
DA:12,3
DA:13,3
DA:14,1
DA:15,1
DA:16,3
DA:17,3
DA:18,19
DA:19,19
DA:20,19
DA:21,19
DA:22,19
DA:23,19
DA:24,19
DA:25,19
DA:26,19
DA:27,19
DA:28,19
DA:29,19
DA:30,19
DA:31,19
DA:32,19
DA:33,19
DA:34,19
DA:35,19
DA:36,19
DA:37,19
DA:38,19
DA:39,19
DA:40,19
DA:41,19
DA:42,3
DA:43,3
DA:44,1
DA:45,1
DA:46,1
DA:47,1
DA:48,3
DA:49,3
DA:50,13
DA:51,13
DA:52,3
DA:53,3
DA:54,3
DA:55,55
DA:56,55
DA:57,92
DA:58,92
DA:59,92
DA:60,1
DA:61,92
DA:62,91
DA:63,91
DA:64,92
DA:65,92
DA:66,55
DA:67,55
DA:68,3
DA:69,3
DA:70,2
DA:71,1
DA:72,1
DA:73,2
DA:74,2
DA:75,2
DA:76,4
DA:77,4
DA:78,4
DA:79,2
DA:80,2
DA:81,2
DA:82,2
DA:83,2
DA:84,4
DA:85,4
DA:86,2
DA:87,3
DA:88,3
DA:89,3
DA:90,3
DA:91,3
DA:92,12
DA:93,12
DA:94,12
DA:95,12
DA:96,12
DA:97,3
DA:98,3
DA:99,3
DA:100,11
DA:101,11
DA:102,11
DA:103,11
DA:104,11
DA:105,2
DA:106,2
DA:107,11
DA:108,11
DA:109,11
DA:110,11
DA:111,11
DA:112,11
DA:113,11
DA:114,11
DA:115,11
DA:116,11
DA:117,11
DA:118,11
DA:119,11
DA:120,11
DA:121,11
DA:122,3
DA:123,3
DA:124,3
DA:125,3
DA:126,3
DA:127,3
DA:128,3
DA:129,3
DA:130,3
DA:131,3
DA:132,3
DA:133,3
DA:134,3
DA:135,3
DA:136,3
DA:137,3
DA:138,3
DA:139,3
DA:140,3
DA:141,3
DA:142,1
DA:143,1
DA:144,1
DA:145,2
DA:146,2
DA:147,1
DA:148,1
DA:149,1
DA:150,1
DA:151,3
DA:152,3
DA:153,3
DA:154,3
DA:155,3
LF:155
LH:155
BRDA:6,0,0,1
BRDA:13,1,0,1
BRDA:17,2,0,19
BRDA:43,3,0,1
BRDA:49,4,0,13
BRDA:54,5,0,55
BRDA:56,6,0,92
BRDA:59,7,0,1
BRDA:69,8,0,2
BRDA:70,9,0,1
BRDA:75,10,0,4
BRDA:78,11,0,2
BRDA:91,12,0,12
BRDA:99,13,0,11
BRDA:104,14,0,3
BRDA:141,15,0,1
BRDA:144,16,0,2
BRDA:61,17,0,91
BRF:18
BRH:18
end_of_record
TN:
SF:src/customElements/aa-choice-item/aa-choice-item.ts
FN:4,get tag
FN:8,get properties
FN:21,get observedAttributes
FN:28,get acceptsElements
FN:33,get staticObject
FN:40,set orientation
FN:57,get orientation
FN:62,get checked
FN:66,set checked
FN:70,get value
FN:77,set value
FN:88,AAChoiceItem
FN:103,getRadioButton
FN:116,getCheckbox
FN:128,connectedCallback
FN:211,get css
FN:240,toJSON
FNF:17
FNH:15
FNDA:1,get tag
FNDA:83,get properties
FNDA:64,get observedAttributes
FNDA:1,get acceptsElements
FNDA:1,get staticObject
FNDA:0,set orientation
FNDA:0,get orientation
FNDA:77,get checked
FNDA:8,set checked
FNDA:237,get value
FNDA:1,set value
FNDA:63,AAChoiceItem
FNDA:36,getRadioButton
FNDA:19,getCheckbox
FNDA:55,connectedCallback
FNDA:63,get css
FNDA:7,toJSON
DA:1,5
DA:2,5
DA:3,5
DA:4,5
DA:5,1
DA:6,1
DA:7,5
DA:8,5
DA:9,83
DA:10,83
DA:11,83
DA:12,83
DA:13,83
DA:14,83
DA:15,83
DA:16,83
DA:17,83
DA:18,83
DA:19,83
DA:20,83
DA:21,5
DA:22,64
DA:23,64
DA:24,64
DA:25,64
DA:26,64
DA:27,5
DA:28,5
DA:29,1
DA:30,1
DA:31,5
DA:32,5
DA:33,5
DA:34,1
DA:35,1
DA:36,5
DA:37,5
DA:38,5
DA:39,5
DA:40,5
DA:41,0
DA:42,0
DA:43,0
DA:44,0
DA:45,0
DA:46,0
DA:47,0
DA:48,0
DA:49,0
DA:50,0
DA:51,0
DA:52,0
DA:53,0
DA:54,0
DA:55,0
DA:56,5
DA:57,5
DA:58,0
DA:59,0
DA:60,5
DA:61,5
DA:62,5
DA:63,77
DA:64,77
DA:65,5
DA:66,5
DA:67,8
DA:68,8
DA:69,5
DA:70,5
DA:71,237
DA:72,237
DA:73,237
DA:74,237
DA:75,5
DA:76,5
DA:77,5
DA:78,1
DA:79,1
DA:80,5
DA:81,5
DA:82,5
DA:83,5
DA:84,5
DA:85,5
DA:86,5
DA:87,5
DA:88,5
DA:89,63
DA:90,63
DA:91,63
DA:92,63
DA:93,63
DA:94,63
DA:95,63
DA:96,63
DA:97,63
DA:98,63
DA:99,63
DA:100,63
DA:101,5
DA:102,5
DA:103,5
DA:104,36
DA:105,36
DA:106,0
DA:107,0
DA:108,0
DA:109,36
DA:110,36
DA:111,36
DA:112,36
DA:113,36
DA:114,36
DA:115,5
DA:116,5
DA:117,19
DA:118,19
DA:119,0
DA:120,0
DA:121,19
DA:122,19
DA:123,19
DA:124,19
DA:125,19
DA:126,5
DA:127,5
DA:128,5
DA:129,55
DA:130,55
DA:131,55
DA:132,55
DA:133,55
DA:134,55
DA:135,55
DA:136,19
DA:137,19
DA:138,55
DA:139,55
DA:140,0
DA:141,0
DA:142,55
DA:143,55
DA:144,55
DA:145,36
DA:146,1
DA:147,1
DA:148,36
DA:149,36
DA:150,36
DA:151,36
DA:152,36
DA:153,36
DA:154,36
DA:155,36
DA:156,2
DA:157,2
DA:158,36
DA:159,36
DA:160,36
DA:161,1
DA:162,1
DA:163,36
DA:164,36
DA:165,36
DA:166,36
DA:167,36
DA:168,36
DA:169,36
DA:170,36
DA:171,36
DA:172,36
DA:173,36
DA:174,55
DA:175,19
DA:176,1
DA:177,1
DA:178,19
DA:179,19
DA:180,19
DA:181,19
DA:182,19
DA:183,1
DA:184,1
DA:185,1
DA:186,19
DA:187,19
DA:188,1
DA:189,1
DA:190,1
DA:191,19
DA:192,19
DA:193,19
DA:194,19
DA:195,19
DA:196,19
DA:197,19
DA:198,55
DA:199,55
DA:200,55
DA:201,55
DA:202,55
DA:203,55
DA:204,55
DA:205,55
DA:206,55
DA:207,55
DA:208,5
DA:209,5
DA:210,5
DA:211,5
DA:212,63
DA:213,63
DA:214,63
DA:215,63
DA:216,63
DA:217,63
DA:218,63
DA:219,63
DA:220,63
DA:221,63
DA:222,63
DA:223,63
DA:224,63
DA:225,63
DA:226,63
DA:227,63
DA:228,63
DA:229,63
DA:230,63
DA:231,63
DA:232,63
DA:233,63
DA:234,63
DA:235,63
DA:236,63
DA:237,63
DA:238,63
DA:239,5
DA:240,5
DA:241,7
DA:242,7
DA:243,7
DA:244,5
DA:245,5
DA:246,5
LF:246
LH:222
BRDA:8,0,0,83
BRDA:21,1,0,64
BRDA:62,2,0,77
BRDA:63,3,0,41
BRDA:66,4,0,8
BRDA:67,5,0,1
BRDA:67,6,0,2
BRDA:70,7,0,237
BRDA:72,8,0,216
BRDA:72,9,0,21
BRDA:88,10,0,63
BRDA:116,11,0,19
BRDA:118,12,0,0
BRDA:128,13,0,55
BRDA:139,14,0,0
BRDA:144,15,0,36
BRDA:175,16,0,1
BRDA:182,17,0,8
BRDA:211,18,0,63
BRDA:240,19,0,7
BRDA:4,20,0,1
BRDA:28,21,0,1
BRDA:33,22,0,1
BRDA:67,23,0,7
BRDA:67,24,0,7
BRDA:77,25,0,1
BRDA:103,26,0,36
BRDA:105,27,0,0
BRDA:135,28,0,19
BRDA:145,29,0,1
BRDA:174,30,0,19
BRDA:155,31,0,2
BRDA:160,32,0,22
BRDA:187,33,0,14
BRF:34
BRH:31
end_of_record
TN:
SF:src/customElements/aa-choose/aa-choose.ts
FN:4,jsep
FN:52,AAChoose
FN:11,get tag
FN:15,get properties
FN:37,get acceptsElements
FN:43,get observedAttributes
FN:60,connectedCallback
FN:135,_getNodeToInstantiate
FN:159,evaluate
FN:165,evaluateTestExpression
FN:188,replaceExpressionIdentifiersWithValues
FNF:11
FNH:11
FNDA:7,jsep
FNDA:13,AAChoose
FNDA:1,get tag
FNDA:22,get properties
FNDA:1,get acceptsElements
FNDA:14,get observedAttributes
FNDA:8,connectedCallback
FNDA:6,_getNodeToInstantiate
FNDA:5,evaluate
FNDA:7,evaluateTestExpression
FNDA:8,replaceExpressionIdentifiersWithValues
DA:1,1
DA:2,1
DA:3,1
DA:4,1
DA:5,1
DA:6,1
DA:7,1
DA:8,1
DA:9,1
DA:10,1
DA:11,1
DA:12,1
DA:13,1
DA:14,1
DA:15,1
DA:16,22
DA:17,22
DA:18,22
DA:19,22
DA:20,22
DA:21,22
DA:22,22
DA:23,22
DA:24,22
DA:25,22
DA:26,22
DA:27,22
DA:28,22
DA:29,22
DA:30,22
DA:31,22
DA:32,22
DA:33,22
DA:34,22
DA:35,22
DA:36,1
DA:37,1
DA:38,1
DA:39,1
DA:40,1
DA:41,1
DA:42,1
DA:43,1
DA:44,14
DA:45,14
DA:46,1
DA:47,1
DA:48,1
DA:49,1
DA:50,1
DA:51,1
DA:52,1
DA:53,13
DA:54,13
DA:55,13
DA:56,13
DA:57,13
DA:58,1
DA:59,1
DA:60,1
DA:61,8
DA:62,8
DA:63,8
DA:64,1
DA:65,1
DA:66,1
DA:67,1
DA:68,7
DA:69,7
DA:70,8
DA:71,8
DA:72,8
DA:73,8
DA:74,7
DA:75,6
DA:76,6
DA:77,6
DA:78,3
DA:79,3
DA:80,3
DA:81,3
DA:82,3
DA:83,3
DA:84,3
DA:85,3
DA:86,3
DA:87,3
DA:88,3
DA:89,3
DA:90,3
DA:91,3
DA:92,3
DA:93,3
DA:94,3
DA:95,3
DA:96,3
DA:97,3
DA:98,3
DA:99,3
DA:100,3
DA:101,3
DA:102,9
DA:103,9
DA:104,9
DA:105,9
DA:106,9
DA:107,9
DA:108,0
DA:109,0
DA:110,0
DA:111,9
DA:112,3
DA:113,3
DA:114,3
DA:115,3
DA:116,3
DA:117,3
DA:118,3
DA:119,3
DA:120,3
DA:121,3
DA:122,3
DA:123,3
DA:124,3
DA:125,6
DA:126,1
DA:127,1
DA:128,1
DA:129,1
DA:130,1
DA:131,7
DA:132,7
DA:133,8
DA:134,1
DA:135,1
DA:136,6
DA:137,6
DA:138,6
DA:139,6
DA:140,7
DA:141,7
DA:142,5
DA:143,5
DA:144,2
DA:145,2
DA:146,7
DA:147,2
DA:148,2
DA:149,7
DA:150,6
DA:151,4
DA:152,4
DA:153,2
DA:154,2
DA:155,2
DA:156,6
DA:157,1
DA:158,1
DA:159,1
DA:160,5
DA:161,5
DA:162,5
DA:163,5
DA:164,1
DA:165,1
DA:166,7
DA:167,7
DA:168,7
DA:169,7
DA:170,7
DA:171,7
DA:172,7
DA:173,7
DA:174,4
DA:175,4
DA:176,2
DA:177,2
DA:178,2
DA:179,2
DA:180,2
DA:181,2
DA:182,2
DA:183,7
DA:184,2
DA:185,2
DA:186,7
DA:187,1
DA:188,1
DA:189,8
DA:190,8
DA:191,8
DA:192,8
DA:193,8
DA:194,8
DA:195,8
DA:196,8
DA:197,8
DA:198,8
DA:199,17
DA:200,17
DA:201,17
DA:202,1
DA:203,1
DA:204,1
DA:205,1
DA:206,1
DA:207,17
DA:208,17
DA:209,17
DA:210,8
DA:211,8
DA:212,1
DA:213,1
DA:214,1
LF:214
LH:211
BRDA:4,0,0,7
BRDA:52,1,0,13
BRDA:11,2,0,1
BRDA:15,3,0,22
BRDA:37,4,0,1
BRDA:43,5,0,14
BRDA:60,6,0,8
BRDA:63,7,0,1
BRDA:67,8,0,7
BRDA:73,9,0,7
BRDA:74,10,0,6
BRDA:77,11,0,3
BRDA:101,12,0,9
BRDA:107,13,0,0
BRDA:125,14,0,1
BRDA:131,15,0,7
BRDA:135,16,0,6
BRDA:139,17,0,7
BRDA:141,18,0,5
BRDA:143,19,0,2
BRDA:146,20,0,2
BRDA:150,21,0,4
BRDA:152,22,0,2
BRDA:159,23,0,5
BRDA:161,24,0,0
BRDA:165,25,0,7
BRDA:173,26,0,5
BRDA:173,27,0,4
BRDA:175,28,0,2
BRDA:183,29,0,2
BRDA:188,30,0,8
BRDA:190,31,0,1
BRDA:198,32,0,17
BRDA:201,33,0,1
BRDA:202,34,0,0
BRDA:203,35,0,0
BRDA:204,36,0,0
BRDA:194,37,0,17
BRF:38
BRH:33
end_of_record
TN:
SF:src/customElements/aa-choose/aa-otherwise/aa-otherwise.ts
FN:5,get category
FN:9,get tag
FN:13,get acceptsElements
FN:17,AAOtherwise
FN:21,connectedCallback
FNF:5
FNH:5
FNDA:1,get category
FNDA:1,get tag
FNDA:1,get acceptsElements
FNDA:5,AAOtherwise
FNDA:1,connectedCallback
DA:1,1
DA:2,1
DA:3,1
DA:4,1
DA:5,1
DA:6,1
DA:7,1
DA:8,1
DA:9,1
DA:10,1
DA:11,1
DA:12,1
DA:13,1
DA:14,1
DA:15,1
DA:16,1
DA:17,1
DA:18,5
DA:19,5
DA:20,1
DA:21,1
DA:22,1
DA:23,1
DA:24,1
DA:25,1
DA:26,1
DA:27,1
LF:27
LH:27
BRDA:5,0,0,1
BRDA:9,1,0,1
BRDA:13,2,0,1
BRDA:17,3,0,5
BRDA:21,4,0,1
BRF:5
BRH:5
end_of_record
TN:
SF:src/customElements/aa-choose/aa-when/aa-when.ts
FN:5,get category
FN:9,get tag
FN:13,get properties
FN:35,get acceptsElements
FN:39,get observedAttributes
FN:45,AAWhen
FN:51,connectedCallback
FNF:7
FNH:7
FNDA:1,get category
FNDA:1,get tag
FNDA:9,get properties
FNDA:1,get acceptsElements
FNDA:8,get observedAttributes
FNDA:8,AAWhen
FNDA:1,connectedCallback
DA:1,1
DA:2,1
DA:3,1
DA:4,1
DA:5,1
DA:6,1
DA:7,1
DA:8,1
DA:9,1
DA:10,1
DA:11,1
DA:12,1
DA:13,1
DA:14,9
DA:15,9
DA:16,9
DA:17,9
DA:18,9
DA:19,9
DA:20,9
DA:21,9
DA:22,9
DA:23,9
DA:24,9
DA:25,9
DA:26,9
DA:27,9
DA:28,9
DA:29,9
DA:30,9
DA:31,9
DA:32,9
DA:33,9
DA:34,9
DA:35,1
DA:36,1
DA:37,1
DA:38,1
DA:39,1
DA:40,8
DA:41,8
DA:42,1
DA:43,1
DA:44,1
DA:45,1
DA:46,8
DA:47,8
DA:48,8
DA:49,8
DA:50,1
DA:51,1
DA:52,1
DA:53,1
DA:54,1
DA:55,1
DA:56,1
LF:56
LH:56
BRDA:5,0,0,1
BRDA:9,1,0,1
BRDA:13,2,0,9
BRDA:35,3,0,1
BRDA:39,4,0,8
BRDA:45,5,0,8
BRDA:51,6,0,1
BRF:7
BRH:7
end_of_record
TN:
SF:src/customElements/aa-function/aa-function-random.ts
FN:5,get tag
FN:9,get properties
FN:41,get acceptsElements
FN:45,get observedAttributes
FN:51,AAFunctionRandom
FN:56,connectedCallback
FN:65,get value
FN:74,getRandomInt
FNF:8
FNH:8
FNDA:1,get tag
FNDA:6,get properties
FNDA:1,get acceptsElements
FNDA:6,get observedAttributes
FNDA:6,AAFunctionRandom
FNDA:5,connectedCallback
FNDA:10,get value
FNDA:30,getRandomInt
DA:1,2
DA:2,2
DA:3,2
DA:4,2
DA:5,2
DA:6,1
DA:7,1
DA:8,2
DA:9,2
DA:10,6
DA:11,6
DA:12,6
DA:13,6
DA:14,6
DA:15,6
DA:16,6
DA:17,6
DA:18,6
DA:19,6
DA:20,6
DA:21,6
DA:22,6
DA:23,6
DA:24,6
DA:25,6
DA:26,6
DA:27,6
DA:28,6
DA:29,6
DA:30,6
DA:31,6
DA:32,6
DA:33,6
DA:34,6
DA:35,6
DA:36,6
DA:37,6
DA:38,6
DA:39,6
DA:40,2
DA:41,2
DA:42,1
DA:43,1
DA:44,2
DA:45,2
DA:46,6
DA:47,6
DA:48,2
DA:49,2
DA:50,2
DA:51,2
DA:52,6
DA:53,6
DA:54,6
DA:55,2
DA:56,2
DA:57,5
DA:58,5
DA:59,5
DA:60,5
DA:61,5
DA:62,5
DA:63,2
DA:64,2
DA:65,2
DA:66,10
DA:67,10
DA:68,10
DA:69,10
DA:70,10
DA:71,10
DA:72,10
DA:73,2
DA:74,2
DA:75,30
DA:76,30
DA:77,30
DA:78,30
DA:79,2
DA:80,2
DA:81,2
DA:82,2
DA:83,2
LF:83
LH:83
BRDA:5,0,0,1
BRDA:9,1,0,6
BRDA:41,2,0,1
BRDA:45,3,0,6
BRDA:51,4,0,6
BRDA:56,5,0,5
BRDA:59,6,0,4
BRDA:61,7,0,3
BRDA:65,8,0,10
BRDA:70,9,0,5
BRDA:74,10,0,30
BRF:11
BRH:11
end_of_record
TN:
SF:src/customElements/aa-geolocation/aa-geolocation.ts
FN:63,AAGeolocation
FN:9,get tag
FN:13,get properties
FN:50,get acceptsElements
FN:54,get observedAttributes
FN:71,get value
FN:75,set value
FN:79,_getValue
FN:87,_getLocation
FN:120,connectedCallback
FNF:10
FNH:10
FNDA:8,AAGeolocation
FNDA:1,get tag
FNDA:17,get properties
FNDA:1,get acceptsElements
FNDA:9,get observedAttributes
FNDA:1,get value
FNDA:1,set value
FNDA:1,_getValue
FNDA:11,_getLocation
FNDA:8,connectedCallback
DA:1,1
DA:2,1
DA:3,1
DA:4,1
DA:5,1
DA:6,1
DA:7,1
DA:8,1
DA:9,1
DA:10,1
DA:11,1
DA:12,1
DA:13,1
DA:14,17
DA:15,17
DA:16,17
DA:17,17
DA:18,17
DA:19,17
DA:20,17
DA:21,17
DA:22,17
DA:23,17
DA:24,17
DA:25,17
DA:26,17
DA:27,17
DA:28,17
DA:29,17
DA:30,17
DA:31,17
DA:32,17
DA:33,17
DA:34,17
DA:35,17
DA:36,17
DA:37,17
DA:38,17
DA:39,17
DA:40,17
DA:41,17
DA:42,17
DA:43,17
DA:44,17
DA:45,17
DA:46,17
DA:47,17
DA:48,17
DA:49,1
DA:50,1
DA:51,1
DA:52,1
DA:53,1
DA:54,1
DA:55,9
DA:56,9
DA:57,9
DA:58,9
DA:59,1
DA:60,1
DA:61,1
DA:62,1
DA:63,1
DA:64,8
DA:65,8
DA:66,8
DA:67,8
DA:68,1
DA:69,1
DA:70,1
DA:71,1
DA:72,1
DA:73,1
DA:74,1
DA:75,1
DA:76,1
DA:77,1
DA:78,1
DA:79,1
DA:80,1
DA:81,1
DA:82,1
DA:83,1
DA:84,1
DA:85,1
DA:86,1
DA:87,1
DA:88,11
DA:89,11
DA:90,11
DA:91,11
DA:92,11
DA:93,11
DA:94,7
DA:95,7
DA:96,7
DA:97,7
DA:98,7
DA:99,7
DA:100,7
DA:101,7
DA:102,7
DA:103,7
DA:104,7
DA:105,7
DA:106,7
DA:107,7
DA:108,7
DA:109,7
DA:110,7
DA:111,7
DA:112,7
DA:113,7
DA:114,11
DA:115,11
DA:116,0
DA:117,0
DA:118,11
DA:119,11
DA:120,1
DA:121,8
DA:122,8
DA:123,8
DA:124,8
DA:125,8
DA:126,8
DA:127,8
DA:128,8
DA:129,8
DA:130,8
DA:131,8
DA:132,8
DA:133,8
DA:134,8
DA:135,8
DA:136,8
DA:137,8
DA:138,8
DA:139,8
DA:140,4
DA:141,4
DA:142,4
DA:143,8
DA:144,8
DA:145,8
DA:146,1
DA:147,1
DA:148,1
DA:149,1
DA:150,1
LF:150
LH:148
BRDA:63,0,0,8
BRDA:9,1,0,1
BRDA:13,2,0,17
BRDA:50,3,0,1
BRDA:54,4,0,9
BRDA:71,5,0,1
BRDA:75,6,0,1
BRDA:79,7,0,1
BRDA:87,8,0,11
BRDA:89,9,0,11
BRDA:115,10,0,0
BRDA:93,11,0,7
BRDA:120,12,0,8
BRDA:139,13,0,4
BRF:14
BRH:13
end_of_record
TN:
SF:src/customElements/aa-label/aa-label.ts
FN:4,get tag
FN:10,AALabel
FN:15,connectedCallback
FN:20,get css
FN:36,get html
FNF:5
FNH:5
FNDA:1,get tag
FNDA:5,AALabel
FNDA:5,connectedCallback
FNDA:5,get css
FNDA:5,get html
DA:1,2
DA:2,2
DA:3,2
DA:4,2
DA:5,1
DA:6,1
DA:7,2
DA:8,2
DA:9,2
DA:10,2
DA:11,5
DA:12,5
DA:13,5
DA:14,2
DA:15,2
DA:16,5
DA:17,5
DA:18,5
DA:19,2
DA:20,2
DA:21,5
DA:22,5
DA:23,5
DA:24,5
DA:25,5
DA:26,5
DA:27,5
DA:28,5
DA:29,5
DA:30,5
DA:31,5
DA:32,5
DA:33,5
DA:34,5
DA:35,2
DA:36,2
DA:37,5
DA:38,5
DA:39,2
DA:40,2
DA:41,2
LF:41
LH:41
BRDA:4,0,0,1
BRDA:10,1,0,5
BRDA:15,2,0,5
BRDA:20,3,0,5
BRDA:36,4,0,5
BRF:5
BRH:5
end_of_record
TN:
SF:src/customElements/aa-likert-scale/aa-likert-scale.ts
FN:6,get category
FN:10,get tag
FN:14,get properties
FN:79,get acceptsElements
FN:83,get observedAttributes
FN:90,AALikertScale
FN:99,connectedCallback
FN:130,getTags
FN:169,get css
FN:241,get html
FN:265,arrangeLabels
FNF:11
FNH:11
FNDA:1,get category
FNDA:1,get tag
FNDA:18,get properties
FNDA:1,get acceptsElements
FNDA:9,get observedAttributes
FNDA:9,AALikertScale
FNDA:9,connectedCallback
FNDA:9,getTags
FNDA:9,get css
FNDA:9,get html
FNDA:9,arrangeLabels
DA:1,1
DA:2,1
DA:3,1
DA:4,1
DA:5,1
DA:6,1
DA:7,1
DA:8,1
DA:9,1
DA:10,1
DA:11,1
DA:12,1
DA:13,1
DA:14,1
DA:15,18
DA:16,18
DA:17,18
DA:18,18
DA:19,18
DA:20,18
DA:21,18
DA:22,18
DA:23,18
DA:24,18
DA:25,18
DA:26,18
DA:27,18
DA:28,18
DA:29,18
DA:30,18
DA:31,18
DA:32,18
DA:33,18
DA:34,18
DA:35,18
DA:36,18
DA:37,18
DA:38,18
DA:39,18
DA:40,18
DA:41,18
DA:42,18
DA:43,18
DA:44,18
DA:45,18
DA:46,18
DA:47,18
DA:48,18
DA:49,18
DA:50,18
DA:51,18
DA:52,18
DA:53,18
DA:54,18
DA:55,18
DA:56,18
DA:57,18
DA:58,18
DA:59,18
DA:60,18
DA:61,18
DA:62,18
DA:63,18
DA:64,18
DA:65,18
DA:66,18
DA:67,18
DA:68,18
DA:69,18
DA:70,18
DA:71,18
DA:72,18
DA:73,18
DA:74,18
DA:75,18
DA:76,18
DA:77,18
DA:78,1
DA:79,1
DA:80,1
DA:81,1
DA:82,1
DA:83,1
DA:84,9
DA:85,9
DA:86,1
DA:87,1
DA:88,1
DA:89,1
DA:90,1
DA:91,9
DA:92,9
DA:93,9
DA:94,9
DA:95,9
DA:96,9
DA:97,9
DA:98,1
DA:99,1
DA:100,9
DA:101,9
DA:102,9
DA:103,1
DA:104,1
DA:105,9
DA:106,9
DA:107,9
DA:108,38
DA:109,1
DA:110,38
DA:111,38
DA:112,3
DA:113,38
DA:114,9
DA:115,9
DA:116,9
DA:117,9
DA:118,7
DA:119,5
DA:120,7
DA:121,2
DA:122,1
DA:123,1
DA:124,2
DA:125,2
DA:126,9
DA:127,9
DA:128,1
DA:129,1
DA:130,1
DA:131,9
DA:132,9
DA:133,9
DA:134,9
DA:135,9
DA:136,9
DA:137,9
DA:138,9
DA:139,9
DA:140,9
DA:141,9
DA:142,9
DA:143,9
DA:144,38
DA:145,38
DA:146,38
DA:147,38
DA:148,9
DA:149,9
DA:150,29
DA:151,9
DA:152,9
DA:153,9
DA:154,20
DA:155,9
DA:156,20
DA:157,11
DA:158,11
DA:159,38
DA:160,38
DA:161,38
DA:162,9
DA:163,9
DA:164,9
DA:165,9
DA:166,9
DA:167,9
DA:168,1
DA:169,1
DA:170,9
DA:171,9
DA:172,9
DA:173,9
DA:174,9
DA:175,9
DA:176,9
DA:177,9
DA:178,9
DA:179,9
DA:180,9
DA:181,9
DA:182,9
DA:183,9
DA:184,9
DA:185,9
DA:186,9
DA:187,9
DA:188,9
DA:189,9
DA:190,9
DA:191,9
DA:192,9
DA:193,9
DA:194,9
DA:195,9
DA:196,9
DA:197,9
DA:198,9
DA:199,9
DA:200,9
DA:201,9
DA:202,9
DA:203,9
DA:204,9
DA:205,9
DA:206,9
DA:207,9
DA:208,9
DA:209,9
DA:210,9
DA:211,9
DA:212,9
DA:213,9
DA:214,9
DA:215,9
DA:216,9
DA:217,9
DA:218,9
DA:219,9
DA:220,9
DA:221,9
DA:222,9
DA:223,9
DA:224,9
DA:225,9
DA:226,9
DA:227,9
DA:228,9
DA:229,9
DA:230,9
DA:231,9
DA:232,9
DA:233,9
DA:234,9
DA:235,9
DA:236,9
DA:237,9
DA:238,9
DA:239,9
DA:240,1
DA:241,1
DA:242,9
DA:243,9
DA:244,9
DA:245,9
DA:246,9
DA:247,9
DA:248,9
DA:249,38
DA:250,38
DA:251,38
DA:252,38
DA:253,9
DA:254,9
DA:255,9
DA:256,9
DA:257,9
DA:258,9
DA:259,9
DA:260,9
DA:261,9
DA:262,9
DA:263,1
DA:264,1
DA:265,1
DA:266,9
DA:267,9
DA:268,9
DA:269,9
DA:270,9
DA:271,9
DA:272,9
DA:273,9
DA:274,9
DA:275,9
DA:276,9
DA:277,9
DA:278,9
DA:279,9
DA:280,9
DA:281,9
DA:282,9
DA:283,9
DA:284,9
DA:285,9
DA:286,9
DA:287,9
DA:288,9
DA:289,9
DA:290,9
DA:291,9
DA:292,9
DA:293,9
DA:294,9
DA:295,9
DA:296,9
DA:297,9
DA:298,9
DA:299,9
DA:300,9
DA:301,1
DA:302,1
DA:303,1
DA:304,1
DA:305,1
DA:306,1
DA:307,1
DA:308,1
DA:309,1
DA:310,1
DA:311,1
DA:312,1
LF:312
LH:312
BRDA:6,0,0,1
BRDA:10,1,0,1
BRDA:14,2,0,18
BRDA:79,3,0,1
BRDA:83,4,0,9
BRDA:90,5,0,9
BRDA:99,6,0,9
BRDA:102,7,0,1
BRDA:107,8,0,38
BRDA:108,9,0,1
BRDA:111,10,0,3
BRDA:117,11,0,7
BRDA:118,12,0,5
BRDA:120,13,0,2
BRDA:121,14,0,1
BRDA:130,15,0,9
BRDA:133,16,0,8
BRDA:134,17,0,8
BRDA:135,18,0,8
BRDA:143,19,0,38
BRDA:147,20,0,9
BRDA:149,21,0,29
BRDA:150,22,0,9
BRDA:153,23,0,20
BRDA:154,24,0,9
BRDA:156,25,0,11
BRDA:169,26,0,9
BRDA:230,27,0,0
BRDA:236,28,0,0
BRDA:241,29,0,9
BRDA:243,30,0,0
BRDA:244,31,0,0
BRDA:248,32,0,38
BRDA:265,33,0,9
BRDA:282,34,0,9
BRF:35
BRH:31
end_of_record
TN:
SF:src/customElements/aa-memory/aa-memory.ts
FN:7,get tag
FN:11,get observedAttributes
FN:15,AAMemory
FN:19,connectedCallback
FN:25,setData
FN:30,getData
FN:34,getDataDump
FNF:7
FNH:7
FNDA:1,get tag
FNDA:1,get observedAttributes
FNDA:54,AAMemory
FNDA:4,connectedCallback
FNDA:32,setData
FNDA:30,getData
FNDA:22,getDataDump
DA:1,7
DA:2,7
DA:3,7
DA:4,7
DA:5,7
DA:6,7
DA:7,7
DA:8,1
DA:9,1
DA:10,7
DA:11,7
DA:12,1
DA:13,1
DA:14,7
DA:15,7
DA:16,54
DA:17,54
DA:18,7
DA:19,7
DA:20,4
DA:21,4
DA:22,7
DA:23,7
DA:24,7
DA:25,7
DA:26,32
DA:27,32
DA:28,32
DA:29,7
DA:30,7
DA:31,30
DA:32,30
DA:33,7
DA:34,7
DA:35,22
DA:36,22
DA:37,7
DA:38,7
DA:39,7
LF:39
LH:39
BRDA:15,0,0,54
BRDA:25,1,0,32
BRDA:30,2,0,30
BRDA:34,3,0,22
BRDA:7,4,0,1
BRDA:11,5,0,1
BRDA:19,6,0,4
BRF:7
BRH:7
end_of_record
TN:
SF:src/customElements/aa-multiple-choice/aa-multiple-choice.ts
FN:7,get category
FN:13,get tag
FN:17,get properties
FN:45,get acceptsElements
FN:51,get observedAttributes
FN:56,attributeChangedCallback
FN:117,get staticObject
FN:121,get value
FN:125,set value
FN:142,AAMultipleChoice
FN:148,updateState
FN:165,getValueOfSelectedItem
FN:176,connectedCallback
FN:197,toJSON
FNF:14
FNH:14
FNDA:1,get category
FNDA:1,get tag
FNDA:42,get properties
FNDA:1,get acceptsElements
FNDA:28,get observedAttributes
FNDA:60,attributeChangedCallback
FNDA:1,get staticObject
FNDA:66,get value
FNDA:26,set value
FNDA:24,AAMultipleChoice
FNDA:3,updateState
FNDA:66,getValueOfSelectedItem
FNDA:24,connectedCallback
FNDA:2,toJSON
DA:1,3
DA:2,3
DA:3,3
DA:4,3
DA:5,3
DA:6,3
DA:7,3
DA:8,1
DA:9,1
DA:10,3
DA:11,3
DA:12,3
DA:13,3
DA:14,1
DA:15,1
DA:16,3
DA:17,3
DA:18,42
DA:19,42
DA:20,42
DA:21,42
DA:22,42
DA:23,42
DA:24,42
DA:25,42
DA:26,42
DA:27,42
DA:28,42
DA:29,42
DA:30,42
DA:31,42
DA:32,42
DA:33,42
DA:34,42
DA:35,42
DA:36,42
DA:37,42
DA:38,42
DA:39,42
DA:40,42
DA:41,42
DA:42,42
DA:43,42
DA:44,3
DA:45,3
DA:46,1
DA:47,1
DA:48,1
DA:49,1
DA:50,3
DA:51,3
DA:52,28
DA:53,28
DA:54,3
DA:55,3
DA:56,3
DA:57,60
DA:58,60
DA:59,60
DA:60,29
DA:61,29
DA:62,6
DA:63,6
DA:64,10
DA:65,10
DA:66,10
DA:67,10
DA:68,10
DA:69,6
DA:70,29
DA:71,29
DA:72,0
DA:73,0
DA:74,0
DA:75,29
DA:76,29
DA:77,23
DA:78,23
DA:79,29
DA:80,6
DA:81,6
DA:82,29
DA:83,29
DA:84,29
DA:85,29
DA:86,29
DA:87,60
DA:88,31
DA:89,31
DA:90,24
DA:91,24
DA:92,35
DA:93,35
DA:94,35
DA:95,35
DA:96,35
DA:97,24
DA:98,31
DA:99,31
DA:100,29
DA:101,29
DA:102,29
DA:103,2
DA:104,31
DA:105,1
DA:106,1
DA:107,1
DA:108,1
DA:109,2
DA:110,2
DA:111,2
DA:112,2
DA:113,2
DA:114,60
DA:115,60
DA:116,60
DA:117,3
DA:118,1
DA:119,1
DA:120,3
DA:121,3
DA:122,66
DA:123,66
DA:124,3
DA:125,3
DA:126,26
DA:127,39
DA:128,39
DA:129,39
DA:130,38
DA:131,39
DA:132,1
DA:133,1
DA:134,39
DA:135,39
DA:136,26
DA:137,26
DA:138,3
DA:139,3
DA:140,3
DA:141,3
DA:142,3
DA:143,24
DA:144,24
DA:145,24
DA:146,24
DA:147,3
DA:148,3
DA:149,3
DA:150,3
DA:151,6
DA:152,6
DA:153,6
DA:154,6
DA:155,3
DA:156,3
DA:157,3
DA:158,3
DA:159,3
DA:160,3
DA:161,6
DA:162,6
DA:163,3
DA:164,3
DA:165,3
DA:166,66
DA:167,105
DA:168,105
DA:169,105
DA:170,5
DA:171,5
DA:172,105
DA:173,105
DA:174,66
DA:175,3
DA:176,3
DA:177,24
DA:178,24
DA:179,24
DA:180,24
DA:181,24
DA:182,24
DA:183,24
DA:184,24
DA:185,24
DA:186,3
DA:187,3
DA:188,3
DA:189,3
DA:190,24
DA:191,24
DA:192,24
DA:193,3
DA:194,3
DA:195,3
DA:196,3
DA:197,3
DA:198,2
DA:199,2
DA:200,0
DA:201,0
DA:202,2
DA:203,2
DA:204,3
DA:205,3
DA:206,3
DA:207,3
LF:207
LH:202
BRDA:17,0,0,42
BRDA:51,1,0,28
BRDA:56,2,0,60
BRDA:59,3,0,29
BRDA:61,4,0,6
BRDA:71,5,0,0
BRDA:76,6,0,9
BRDA:79,7,0,6
BRDA:87,8,0,31
BRDA:91,9,0,35
BRDA:102,10,0,20
BRDA:104,11,0,20
BRDA:121,12,0,66
BRDA:125,13,0,26
BRDA:126,14,0,39
BRDA:131,15,0,1
BRDA:142,16,0,24
BRDA:148,17,0,3
BRDA:150,18,0,6
BRDA:154,19,0,3
BRDA:165,20,0,66
BRDA:166,21,0,105
BRDA:169,22,0,5
BRDA:173,23,0,61
BRDA:176,24,0,24
BRDA:185,25,0,3
BRDA:7,26,0,1
BRDA:13,27,0,1
BRDA:45,28,0,1
BRDA:63,29,0,10
BRDA:76,30,0,23
BRDA:89,31,0,24
BRDA:99,32,0,29
BRDA:102,33,0,2
BRDA:104,34,0,1
BRDA:104,35,0,1
BRDA:108,36,0,2
BRDA:117,37,0,1
BRDA:129,38,0,38
BRDA:197,39,0,2
BRDA:199,40,0,0
BRF:41
BRH:39
end_of_record
TN:
SF:src/customElements/aa-screen/aa-screen.ts
FN:90,AAScreen
FN:26,get tag
FN:30,get properties
FN:65,get acceptsElements
FN:68,get observedAttributes
FN:73,attributeChangedCallback
FN:107,connectedCallback
FN:137,get css
FN:170,get html
FN:182,getSubmitButton
FN:195,submitButtonClick
FN:229,collectValues
FN:244,doesArrayConsistOfNullsOrUndefined
FN:250,getNodeValue
FN:272,hasChildrenThatRequireResponse
FN:290,getAAChildren
FN:315,getChildrenValues
FN:355,get value
FN:359,valueWithKey
FN:371,automate
FN:382,hide
FN:393,show
FNF:22
FNH:22
FNDA:80,AAScreen
FNDA:1,get tag
FNDA:216,get properties
FNDA:1,get acceptsElements
FNDA:86,get observedAttributes
FNDA:541,attributeChangedCallback
FNDA:78,connectedCallback
FNDA:75,get css
FNDA:75,get html
FNDA:75,getSubmitButton
FNDA:12,submitButtonClick
FNDA:15,collectValues
FNDA:5,doesArrayConsistOfNullsOrUndefined
FNDA:9,getNodeValue
FNDA:15,hasChildrenThatRequireResponse
FNDA:33,getAAChildren
FNDA:32,getChildrenValues
FNDA:4,get value
FNDA:1,valueWithKey
FNDA:4,automate
FNDA:14,hide
FNDA:1,show
DA:1,5
DA:2,5
DA:3,5
DA:4,5
DA:5,5
DA:6,5
DA:7,5
DA:8,5
DA:9,5
DA:10,5
DA:11,5
DA:12,5
DA:13,5
DA:14,5
DA:15,5
DA:16,5
DA:17,5
DA:18,5
DA:19,5
DA:20,5
DA:21,5
DA:22,5
DA:23,5
DA:24,5
DA:25,5
DA:26,5
DA:27,1
DA:28,1
DA:29,5
DA:30,5
DA:31,216
DA:32,216
DA:33,216
DA:34,216
DA:35,216
DA:36,216
DA:37,216
DA:38,216
DA:39,216
DA:40,216
DA:41,216
DA:42,216
DA:43,216
DA:44,216
DA:45,216
DA:46,216
DA:47,216
DA:48,216
DA:49,216
DA:50,216
DA:51,216
DA:52,216
DA:53,216
DA:54,216
DA:55,216
DA:56,216
DA:57,216
DA:58,216
DA:59,216
DA:60,216
DA:61,216
DA:62,216
DA:63,216
DA:64,5
DA:65,5
DA:66,1
DA:67,1
DA:68,5
DA:69,86
DA:70,86
DA:71,5
DA:72,5
DA:73,5
DA:74,541
DA:75,541
DA:76,78
DA:77,78
DA:78,541
DA:79,79
DA:80,1
DA:81,1
DA:82,1
DA:83,0
DA:84,0
DA:85,1
DA:86,79
DA:87,541
DA:88,541
DA:89,5
DA:90,5
DA:91,80
DA:92,80
DA:93,80
DA:94,80
DA:95,80
DA:96,5
DA:97,5
DA:98,5
DA:99,5
DA:100,5
DA:101,5
DA:102,5
DA:103,5
DA:104,5
DA:105,5
DA:106,5
DA:107,5
DA:108,78
DA:109,78
DA:110,78
DA:111,3
DA:112,3
DA:113,3
DA:114,75
DA:115,75
DA:116,75
DA:117,78
DA:118,75
DA:119,75
DA:120,78
DA:121,2
DA:122,2
DA:123,2
DA:124,2
DA:125,75
DA:126,75
DA:127,75
DA:128,75
DA:129,78
DA:130,5
DA:131,78
DA:132,78
DA:133,78
DA:134,78
DA:135,5
DA:136,5
DA:137,5
DA:138,75
DA:139,75
DA:140,75
DA:141,75
DA:142,75
DA:143,75
DA:144,75
DA:145,75
DA:146,75
DA:147,75
DA:148,75
DA:149,75
DA:150,75
DA:151,75
DA:152,75
DA:153,75
DA:154,75
DA:155,75
DA:156,75
DA:157,75
DA:158,75
DA:159,75
DA:160,75
DA:161,75
DA:162,75
DA:163,75
DA:164,75
DA:165,75
DA:166,75
DA:167,75
DA:168,75
DA:169,5
DA:170,5
DA:171,75
DA:172,75
DA:173,75
DA:174,75
DA:175,75
DA:176,75
DA:177,75
DA:178,75
DA:179,75
DA:180,75
DA:181,5
DA:182,5
DA:183,75
DA:184,75
DA:185,75
DA:186,75
DA:187,75
DA:188,0
DA:189,0
DA:190,75
DA:191,75
DA:192,75
DA:193,5
DA:194,5
DA:195,5
DA:196,12
DA:197,12
DA:198,12
DA:199,12
DA:200,12
DA:201,12
DA:202,1
DA:203,1
DA:204,11
DA:205,11
DA:206,11
DA:207,11
DA:208,11
DA:209,11
DA:210,11
DA:211,11
DA:212,11
DA:213,11
DA:214,1
DA:215,1
DA:216,11
DA:217,11
DA:218,11
DA:219,11
DA:220,0
DA:221,0
DA:222,0
DA:223,11
DA:224,12
DA:225,12
DA:226,5
DA:227,5
DA:228,5
DA:229,5
DA:230,15
DA:231,15
DA:232,15
DA:233,15
DA:234,15
DA:235,15
DA:236,15
DA:237,15
DA:238,15
DA:239,15
DA:240,15
DA:241,15
DA:242,15
DA:243,5
DA:244,5
DA:245,5
DA:246,9
DA:247,5
DA:248,5
DA:249,5
DA:250,5
DA:251,9
DA:252,9
DA:253,1
DA:254,9
DA:255,5
DA:256,1
DA:257,5
DA:258,4
DA:259,2
DA:260,1
DA:261,1
DA:262,1
DA:263,1
DA:264,2
DA:265,2
DA:266,2
DA:267,8
DA:268,3
DA:269,3
DA:270,9
DA:271,5
DA:272,5
DA:273,15
DA:274,15
DA:275,15
DA:276,3
DA:277,3
DA:278,3
DA:279,2
DA:280,2
DA:281,3
DA:282,1
DA:283,1
DA:284,15
DA:285,15
DA:286,15
DA:287,5
DA:288,5
DA:289,5
DA:290,5
DA:291,33
DA:292,33
DA:293,33
DA:294,33
DA:295,23
DA:296,6
DA:297,2
DA:298,1
DA:299,1
DA:300,2
DA:301,4
DA:302,4
DA:303,4
DA:304,6
DA:305,17
DA:306,17
DA:307,17
DA:308,17
DA:309,23
DA:310,33
DA:311,33
DA:312,5
DA:313,5
DA:314,5
DA:315,5
DA:316,32
DA:317,32
DA:318,32
DA:319,32
DA:320,32
DA:321,23
DA:322,23
DA:323,23
DA:324,23
DA:325,23
DA:326,22
DA:327,22
DA:328,22
DA:329,22
DA:330,22
DA:331,1
DA:332,1
DA:333,1
DA:334,22
DA:335,8
DA:336,2
DA:337,8
DA:338,6
DA:339,6
DA:340,8
DA:341,21
DA:342,13
DA:343,13
DA:344,13
DA:345,22
DA:346,1
DA:347,1
DA:348,1
DA:349,23
DA:350,32
DA:351,32
DA:352,32
DA:353,32
DA:354,5
DA:355,5
DA:356,4
DA:357,4
DA:358,5
DA:359,5
DA:360,1
DA:361,1
DA:362,1
DA:363,1
DA:364,1
DA:365,1
DA:366,1
DA:367,1
DA:368,1
DA:369,5
DA:370,5
DA:371,5
DA:372,4
DA:373,4
DA:374,2
DA:375,1
DA:376,1
DA:377,2
DA:378,4
DA:379,4
DA:380,4
DA:381,5
DA:382,5
DA:383,14
DA:384,14
DA:385,14
DA:386,3
DA:387,1
DA:388,1
DA:389,3
DA:390,14
DA:391,14
DA:392,5
DA:393,5
DA:394,1
DA:395,1
DA:396,5
DA:397,5
DA:398,5
DA:399,5
DA:400,5
DA:401,5
DA:402,5
DA:403,5
LF:403
LH:396
BRDA:30,0,0,216
BRDA:68,1,0,86
BRDA:90,2,0,80
BRDA:26,3,0,1
BRDA:65,4,0,1
BRDA:73,5,0,541
BRDA:75,6,0,78
BRDA:76,7,0,0
BRDA:78,8,0,79
BRDA:79,9,0,1
BRDA:80,10,0,0
BRDA:82,11,0,0
BRDA:107,12,0,78
BRDA:110,13,0,3
BRDA:113,14,0,75
BRDA:117,15,0,0
BRDA:117,16,0,75
BRDA:120,17,0,2
BRDA:124,18,0,75
BRDA:129,19,0,18
BRDA:137,20,0,75
BRDA:170,21,0,75
BRDA:182,22,0,75
BRDA:185,23,0,0
BRDA:185,24,0,0
BRDA:187,25,0,0
BRDA:195,26,0,12
BRDA:201,27,0,1
BRDA:203,28,0,11
BRDA:205,29,0,11
BRDA:213,30,0,6
BRDA:213,31,0,1
BRDA:219,32,0,0
BRDA:229,33,0,15
BRDA:231,34,0,15
BRDA:236,35,0,15
BRDA:244,36,0,5
BRDA:245,37,0,9
BRDA:246,38,0,4
BRDA:250,39,0,9
BRDA:252,40,0,1
BRDA:254,41,0,8
BRDA:254,42,0,5
BRDA:255,43,0,1
BRDA:257,44,0,4
BRDA:258,45,0,2
BRDA:259,46,0,1
BRDA:264,47,0,2
BRDA:267,48,0,3
BRDA:272,49,0,15
BRDA:275,50,0,3
BRDA:278,51,0,2
BRDA:281,52,0,1
BRDA:290,53,0,33
BRDA:292,54,0,1
BRDA:293,55,0,0
BRDA:294,56,0,23
BRDA:295,57,0,6
BRDA:296,58,0,2
BRDA:297,59,0,1
BRDA:300,60,0,4
BRDA:304,61,0,17
BRDA:315,62,0,32
BRDA:317,63,0,0
BRDA:318,64,0,18
BRDA:320,65,0,23
BRDA:325,66,0,22
BRDA:330,67,0,1
BRDA:334,68,0,21
BRDA:334,69,0,8
BRDA:335,70,0,2
BRDA:337,71,0,6
BRDA:341,72,0,13
BRDA:345,73,0,1
BRDA:355,74,0,4
BRDA:359,75,0,1
BRDA:360,76,0,1
BRDA:361,77,0,1
BRDA:371,78,0,4
BRDA:373,79,0,2
BRDA:374,80,0,1
BRDA:382,81,0,14
BRDA:385,82,0,3
BRDA:386,83,0,1
BRDA:393,84,0,1
BRF:85
BRH:75
end_of_record
TN:
SF:src/customElements/aa-sequence/aa-sequence.ts
FN:64,AASequence
FN:11,get tag
FN:15,get properties
FN:52,get acceptsElements
FN:56,get observedAttributes
FN:67,connectedCallback
FN:80,get css
FN:90,get html
FN:97,init
FN:118,start
FN:123,stop
FN:130,next
FN:187,endEventListener
FNF:13
FNH:13
FNDA:18,AASequence
FNDA:1,get tag
FNDA:35,get properties
FNDA:1,get acceptsElements
FNDA:19,get observedAttributes
FNDA:16,connectedCallback
FNDA:2,get css
FNDA:2,get html
FNDA:15,init
FNDA:14,start
FNDA:2,stop
FNDA:29,next
FNDA:9,endEventListener
DA:1,2
DA:2,2
DA:3,2
DA:4,2
DA:5,2
DA:6,2
DA:7,2
DA:8,2
DA:9,2
DA:10,2
DA:11,2
DA:12,1
DA:13,1
DA:14,2
DA:15,2
DA:16,35
DA:17,35
DA:18,35
DA:19,35
DA:20,35
DA:21,35
DA:22,35
DA:23,35
DA:24,35
DA:25,35
DA:26,35
DA:27,35
DA:28,35
DA:29,35
DA:30,35
DA:31,35
DA:32,35
DA:33,35
DA:34,35
DA:35,35
DA:36,35
DA:37,35
DA:38,35
DA:39,35
DA:40,35
DA:41,35
DA:42,35
DA:43,35
DA:44,35
DA:45,35
DA:46,35
DA:47,35
DA:48,35
DA:49,35
DA:50,35
DA:51,2
DA:52,2
DA:53,1
DA:54,1
DA:55,2
DA:56,2
DA:57,19
DA:58,19
DA:59,2
DA:60,2
DA:61,2
DA:62,2
DA:63,2
DA:64,2
DA:65,18
DA:66,18
DA:67,2
DA:68,16
DA:69,16
DA:70,1
DA:71,1
DA:72,1
DA:73,15
DA:74,16
DA:75,15
DA:76,15
DA:77,16
DA:78,2
DA:79,2
DA:80,2
DA:81,2
DA:82,2
DA:83,2
DA:84,2
DA:85,2
DA:86,2
DA:87,2
DA:88,2
DA:89,2
DA:90,2
DA:91,2
DA:92,2
DA:93,2
DA:94,2
DA:95,2
DA:96,2
DA:97,2
DA:98,15
DA:99,15
DA:100,1
DA:101,15
DA:102,14
DA:103,14
DA:104,15
DA:105,15
DA:106,15
DA:107,15
DA:108,1
DA:109,1
DA:110,1
DA:111,1
DA:112,14
DA:113,14
DA:114,14
DA:115,14
DA:116,15
DA:117,2
DA:118,2
DA:119,14
DA:120,14
DA:121,14
DA:122,2
DA:123,2
DA:124,2
DA:125,2
DA:126,2
DA:127,2
DA:128,2
DA:129,2
DA:130,2
DA:131,29
DA:132,29
DA:133,29
DA:134,29
DA:135,29
DA:136,29
DA:137,1
DA:138,1
DA:139,1
DA:140,1
DA:141,1
DA:142,1
DA:143,27
DA:144,29
DA:145,2
DA:146,8
DA:147,2
DA:148,2
DA:149,2
DA:150,8
DA:151,2
DA:152,27
DA:153,27
DA:154,27
DA:155,27
DA:156,27
DA:157,27
DA:158,27
DA:159,29
DA:160,25
DA:161,25
DA:162,25
DA:163,25
DA:164,25
DA:165,25
DA:166,2
DA:167,2
DA:168,2
DA:169,2
DA:170,2
DA:171,23
DA:172,23
DA:173,25
DA:174,25
DA:175,25
DA:176,25
DA:177,25
DA:178,25
DA:179,25
DA:180,25
DA:181,25
DA:182,25
DA:183,29
DA:184,29
DA:185,29
DA:186,2
DA:187,2
DA:188,9
DA:189,9
DA:190,9
DA:191,8
DA:192,6
DA:193,2
DA:194,9
DA:195,1
DA:196,1
DA:197,9
DA:198,2
DA:199,2
DA:200,2
DA:201,2
DA:202,2
LF:202
LH:202
BRDA:64,0,0,18
BRDA:11,1,0,1
BRDA:15,2,0,35
BRDA:52,3,0,1
BRDA:56,4,0,19
BRDA:67,5,0,16
BRDA:69,6,0,1
BRDA:72,7,0,15
BRDA:74,8,0,15
BRDA:80,9,0,2
BRDA:90,10,0,2
BRDA:97,11,0,15
BRDA:99,12,0,1
BRDA:101,13,0,14
BRDA:107,14,0,1
BRDA:111,15,0,14
BRDA:118,16,0,14
BRDA:123,17,0,2
BRDA:130,18,0,29
BRDA:132,19,0,29
BRDA:135,20,0,1
BRDA:135,21,0,28
BRDA:136,22,0,1
BRDA:142,23,0,27
BRDA:144,24,0,2
BRDA:145,25,0,8
BRDA:146,26,0,4
BRDA:146,27,0,4
BRDA:151,28,0,27
BRDA:159,29,0,25
BRDA:165,30,0,2
BRDA:170,31,0,23
BRDA:172,32,0,25
BRDA:182,33,0,25
BRDA:187,34,0,9
BRDA:190,35,0,8
BRDA:191,36,0,2
BRDA:191,37,0,6
BRDA:192,38,0,4
BRDA:192,39,0,2
BRDA:194,40,0,1
BRDA:193,41,0,2
BRDA:195,42,0,1
BRF:43
BRH:43
end_of_record
TN:
SF:src/customElements/aa-sequence/aa-jump/aa-jump.ts
FN:5,get category
FN:9,get tag
FN:13,get properties
FN:27,get acceptsElements
FN:31,get observedAttributes
FN:35,connectedCallback
FNF:6
FNH:6
FNDA:1,get category
FNDA:1,get tag
FNDA:3,get properties
FNDA:1,get acceptsElements
FNDA:3,get observedAttributes
FNDA:2,connectedCallback
DA:1,2
DA:2,2
DA:3,2
DA:4,2
DA:5,2
DA:6,1
DA:7,1
DA:8,2
DA:9,2
DA:10,1
DA:11,1
DA:12,2
DA:13,2
DA:14,3
DA:15,3
DA:16,3
DA:17,3
DA:18,3
DA:19,3
DA:20,3
DA:21,3
DA:22,3
DA:23,3
DA:24,3
DA:25,3
DA:26,2
DA:27,2
DA:28,1
DA:29,1
DA:30,2
DA:31,2
DA:32,3
DA:33,3
DA:34,2
DA:35,2
DA:36,2
DA:37,2
DA:38,2
DA:39,2
DA:40,2
DA:41,2
LF:41
LH:41
BRDA:5,0,0,1
BRDA:9,1,0,1
BRDA:13,2,0,3
BRDA:27,3,0,1
BRDA:31,4,0,3
BRDA:35,5,0,2
BRF:6
BRH:6
end_of_record
TN:
SF:src/customElements/aa-session/aa-session.ts
FN:70,AASession
FN:27,get properties
FN:48,get acceptsElements
FN:52,get observedAttributes
FN:119,myIdGenerator
FN:124,connectedCallback
FN:151,attachTemplateChildNodesToMyself
FN:168,run
FN:175,getData
FN:179,setData
FN:184,getDataDump
FN:189,toJSON
FN:207,toJSL
FN:237,get originalChildNodes
FNF:14
FNH:14
FNDA:50,AASession
FNDA:110,get properties
FNDA:1,get acceptsElements
FNDA:51,get observedAttributes
FNDA:48,myIdGenerator
FNDA:49,connectedCallback
FNDA:46,attachTemplateChildNodesToMyself
FNDA:46,run
FNDA:1,getData
FNDA:14,setData
FNDA:1,getDataDump
FNDA:1,toJSON
FNDA:1,toJSL
FNDA:17,get originalChildNodes
DA:1,6
DA:2,6
DA:3,6
DA:4,6
DA:5,6
DA:6,6
DA:7,6
DA:8,6
DA:9,6
DA:10,6
DA:11,6
DA:12,6
DA:13,6
DA:14,6
DA:15,6
DA:16,6
DA:17,6
DA:18,6
DA:19,6
DA:20,6
DA:21,6
DA:22,6
DA:23,6
DA:24,6
DA:25,6
DA:26,6
DA:27,6
DA:28,110
DA:29,110
DA:30,110
DA:31,110
DA:32,110
DA:33,110
DA:34,110
DA:35,110
DA:36,110
DA:37,110
DA:38,110
DA:39,110
DA:40,110
DA:41,110
DA:42,110
DA:43,110
DA:44,110
DA:45,110
DA:46,110
DA:47,6
DA:48,6
DA:49,1
DA:50,1
DA:51,6
DA:52,6
DA:53,51
DA:54,51
DA:55,51
DA:56,6
DA:57,6
DA:58,6
DA:59,6
DA:60,6
DA:61,6
DA:62,6
DA:63,6
DA:64,6
DA:65,6
DA:66,6
DA:67,6
DA:68,6
DA:69,6
DA:70,6
DA:71,50
DA:72,50
DA:73,50
DA:74,50
DA:75,50
DA:76,50
DA:77,50
DA:78,50
DA:79,50
DA:80,50
DA:81,2
DA:82,2
DA:83,2
DA:84,2
DA:85,2
DA:86,2
DA:87,2
DA:88,2
DA:89,2
DA:90,2
DA:91,2
DA:92,2
DA:93,2
DA:94,2
DA:95,2
DA:96,2
DA:97,2
DA:98,2
DA:99,2
DA:100,2
DA:101,2
DA:102,2
DA:103,2
DA:104,2
DA:105,2
DA:106,2
DA:107,50
DA:108,50
DA:109,50
DA:110,14
DA:111,14
DA:112,14
DA:113,14
DA:114,50
DA:115,50
DA:116,50
DA:117,50
DA:118,6
DA:119,6
DA:120,48
DA:121,48
DA:122,48
DA:123,6
DA:124,6
DA:125,49
DA:126,49
DA:127,49
DA:128,49
DA:129,49
DA:130,49
DA:131,49
DA:132,1
DA:133,1
DA:134,1
DA:135,48
DA:136,48
DA:137,48
DA:138,49
DA:139,9
DA:140,9
DA:141,49
DA:142,46
DA:143,46
DA:144,48
DA:145,48
DA:146,48
DA:147,48
DA:148,49
DA:149,6
DA:150,6
DA:151,6
DA:152,46
DA:153,46
DA:154,140
DA:155,140
DA:156,43
DA:157,105
DA:158,105
DA:159,43
DA:160,43
DA:161,43
DA:162,140
DA:163,97
DA:164,97
DA:165,140
DA:166,46
DA:167,6
DA:168,6
DA:169,46
DA:170,46
DA:171,46
DA:172,46
DA:173,46
DA:174,6
DA:175,6
DA:176,1
DA:177,1
DA:178,6
DA:179,6
DA:180,14
DA:181,14
DA:182,14
DA:183,6
DA:184,6
DA:185,1
DA:186,1
DA:187,6
DA:188,6
DA:189,6
DA:190,1
DA:191,1
DA:192,1
DA:193,1
DA:194,1
DA:195,1
DA:196,5
DA:197,5
DA:198,5
DA:199,1
DA:200,1
DA:201,5
DA:202,1
DA:203,1
DA:204,1
DA:205,1
DA:206,6
DA:207,6
DA:208,1
DA:209,1
DA:210,1
DA:211,6
DA:212,6
DA:213,6
DA:214,6
DA:215,1
DA:216,1
DA:217,1
DA:218,1
DA:219,1
DA:220,1
DA:221,1
DA:222,1
DA:223,1
DA:224,1
DA:225,1
DA:226,1
DA:227,1
DA:228,1
DA:229,1
DA:230,1
DA:231,1
DA:232,1
DA:233,1
DA:234,6
DA:235,6
DA:236,6
DA:237,6
DA:238,17
DA:239,17
DA:240,3
DA:241,17
DA:242,6
DA:243,6
DA:244,6
DA:245,6
DA:246,6
DA:247,6
DA:248,6
LF:248
LH:248
BRDA:70,0,0,50
BRDA:109,1,0,16
BRDA:111,2,0,6
BRDA:27,3,0,110
BRDA:52,4,0,51
BRDA:119,5,0,48
BRDA:124,6,0,49
BRDA:131,7,0,1
BRDA:138,8,0,9
BRDA:145,9,0,48
BRDA:151,10,0,46
BRDA:153,11,0,140
BRDA:155,12,0,43
BRDA:156,13,0,105
BRDA:162,14,0,97
BRDA:168,15,0,46
BRDA:179,16,0,14
BRDA:80,17,0,26
BRDA:92,18,0,26
BRDA:48,19,0,1
BRDA:134,20,0,48
BRDA:140,21,0,48
BRDA:141,22,0,46
BRDA:143,23,0,48
BRDA:175,24,0,1
BRDA:184,25,0,1
BRDA:189,26,0,1
BRDA:195,27,0,5
BRDA:198,28,0,1
BRDA:207,29,0,1
BRDA:210,30,0,6
BRDA:237,31,0,17
BRDA:238,32,0,0
BRDA:239,33,0,14
BRDA:239,34,0,3
BRF:35
BRH:34
end_of_record
TN:
SF:src/customElements/aa-slider/aa-slider.ts
FN:106,AASlider
FN:8,get tag
FN:12,get properties
FN:42,get acceptsElements
FN:46,get observedAttributes
FN:55,get value
FN:61,set value
FN:69,get minLabel
FN:73,get maxLabel
FN:77,set minLabel
FN:84,set maxLabel
FN:91,set min
FN:98,set max
FN:133,connectedCallback
FN:159,get css
FN:169,get html
FNF:16
FNH:16
FNDA:14,AASlider
FNDA:1,get tag
FNDA:29,get properties
FNDA:1,get acceptsElements
FNDA:15,get observedAttributes
FNDA:75,get value
FNDA:3,set value
FNDA:74,get minLabel
FNDA:74,get maxLabel
FNDA:1,set minLabel
FNDA:1,set maxLabel
FNDA:1,set min
FNDA:1,set max
FNDA:14,connectedCallback
FNDA:14,get css
FNDA:14,get html
DA:1,2
DA:2,2
DA:3,2
DA:4,2
DA:5,2
DA:6,2
DA:7,2
DA:8,2
DA:9,1
DA:10,1
DA:11,2
DA:12,2
DA:13,29
DA:14,29
DA:15,29
DA:16,29
DA:17,29
DA:18,29
DA:19,29
DA:20,29
DA:21,29
DA:22,29
DA:23,29
DA:24,29
DA:25,29
DA:26,29
DA:27,29
DA:28,29
DA:29,29
DA:30,29
DA:31,29
DA:32,29
DA:33,29
DA:34,29
DA:35,29
DA:36,29
DA:37,29
DA:38,29
DA:39,29
DA:40,29
DA:41,2
DA:42,2
DA:43,1
DA:44,1
DA:45,2
DA:46,2
DA:47,15
DA:48,15
DA:49,2
DA:50,2
DA:51,2
DA:52,2
DA:53,2
DA:54,2
DA:55,2
DA:56,75
DA:57,67
DA:58,67
DA:59,8
DA:60,75
DA:61,2
DA:62,3
DA:63,3
DA:64,3
DA:65,3
DA:66,3
DA:67,3
DA:68,2
DA:69,2
DA:70,74
DA:71,74
DA:72,2
DA:73,2
DA:74,74
DA:75,74
DA:76,2
DA:77,2
DA:78,1
DA:79,1
DA:80,1
DA:81,1
DA:82,1
DA:83,2
DA:84,2
DA:85,1
DA:86,1
DA:87,1
DA:88,1
DA:89,1
DA:90,2
DA:91,2
DA:92,1
DA:93,1
DA:94,1
DA:95,1
DA:96,1
DA:97,2
DA:98,2
DA:99,1
DA:100,1
DA:101,1
DA:102,1
DA:103,1
DA:104,2
DA:105,2
DA:106,2
DA:107,14
DA:108,14
DA:109,14
DA:110,14
DA:111,14
DA:112,14
DA:113,14
DA:114,14
DA:115,14
DA:116,14
DA:117,14
DA:118,14
DA:119,14
DA:120,14
DA:121,14
DA:122,14
DA:123,14
DA:124,14
DA:125,14
DA:126,14
DA:127,14
DA:128,14
DA:129,14
DA:130,2
DA:131,2
DA:132,2
DA:133,2
DA:134,14
DA:135,14
DA:136,14
DA:137,14
DA:138,14
DA:139,14
DA:140,14
DA:141,14
DA:142,14
DA:143,14
DA:144,14
DA:145,14
DA:146,14
DA:147,14
DA:148,14
DA:149,14
DA:150,1
DA:151,14
DA:152,14
DA:153,1
DA:154,14
DA:155,14
DA:156,14
DA:157,14
DA:158,2
DA:159,2
DA:160,14
DA:161,14
DA:162,14
DA:163,14
DA:164,14
DA:165,14
DA:166,14
DA:167,14
DA:168,2
DA:169,2
DA:170,14
DA:171,0
DA:172,14
DA:173,14
DA:174,14
DA:175,14
DA:176,14
DA:177,14
DA:178,14
DA:179,14
DA:180,14
DA:181,14
DA:182,14
DA:183,14
DA:184,2
DA:185,2
DA:186,2
DA:187,2
DA:188,2
LF:188
LH:187
BRDA:106,0,0,14
BRDA:12,1,0,29
BRDA:46,2,0,15
BRDA:55,3,0,75
BRDA:56,4,0,67
BRDA:58,5,0,8
BRDA:69,6,0,74
BRDA:73,7,0,74
BRDA:133,8,0,14
BRDA:140,9,0,3
BRDA:145,10,0,2
BRDA:146,11,0,2
BRDA:159,12,0,14
BRDA:169,13,0,14
BRDA:170,14,0,0
BRDA:8,15,0,1
BRDA:42,16,0,1
BRDA:61,17,0,3
BRDA:77,18,0,1
BRDA:84,19,0,1
BRDA:91,20,0,1
BRDA:98,21,0,1
BRDA:147,22,0,12
BRDA:149,23,0,5
BRDA:152,24,0,5
BRDA:178,25,0,12
BRDA:179,26,0,12
BRF:27
BRH:26
end_of_record
TN:
SF:src/customElements/aa-text-answer/aa-text-answer.ts
FN:77,AATextAnswer
FN:8,get tag
FN:12,get properties
FN:37,get acceptsElements
FN:41,get observedAttributes
FN:49,get value
FN:55,set value
FN:66,get label
FN:70,set label
FN:87,connectedCallback
FN:129,get css
FN:144,get html
FNF:12
FNH:12
FNDA:11,AATextAnswer
FNDA:1,get tag
FNDA:23,get properties
FNDA:1,get acceptsElements
FNDA:12,get observedAttributes
FNDA:54,get value
FNDA:9,set value
FNDA:49,get label
FNDA:1,set label
FNDA:11,connectedCallback
FNDA:11,get css
FNDA:11,get html
DA:1,1
DA:2,1
DA:3,1
DA:4,1
DA:5,1
DA:6,1
DA:7,1
DA:8,1
DA:9,1
DA:10,1
DA:11,1
DA:12,1
DA:13,23
DA:14,23
DA:15,23
DA:16,23
DA:17,23
DA:18,23
DA:19,23
DA:20,23
DA:21,23
DA:22,23
DA:23,23
DA:24,23
DA:25,23
DA:26,23
DA:27,23
DA:28,23
DA:29,23
DA:30,23
DA:31,23
DA:32,23
DA:33,23
DA:34,23
DA:35,23
DA:36,1
DA:37,1
DA:38,1
DA:39,1
DA:40,1
DA:41,1
DA:42,12
DA:43,12
DA:44,1
DA:45,1
DA:46,1
DA:47,1
DA:48,1
DA:49,1
DA:50,54
DA:51,47
DA:52,47
DA:53,7
DA:54,54
DA:55,1
DA:56,9
DA:57,9
DA:58,9
DA:59,9
DA:60,9
DA:61,9
DA:62,9
DA:63,9
DA:64,9
DA:65,1
DA:66,1
DA:67,49
DA:68,49
DA:69,1
DA:70,1
DA:71,1
DA:72,1
DA:73,1
DA:74,1
DA:75,1
DA:76,1
DA:77,1
DA:78,11
DA:79,11
DA:80,11
DA:81,11
DA:82,11
DA:83,11
DA:84,1
DA:85,1
DA:86,1
DA:87,1
DA:88,11
DA:89,11
DA:90,11
DA:91,11
DA:92,11
DA:93,11
DA:94,11
DA:95,11
DA:96,11
DA:97,11
DA:98,11
DA:99,1
DA:100,1
DA:101,11
DA:102,11
DA:103,1
DA:104,1
DA:105,11
DA:106,11
DA:107,11
DA:108,11
DA:109,3
DA:110,3
DA:111,1
DA:112,1
DA:113,3
DA:114,2
DA:115,3
DA:116,11
DA:117,11
DA:118,3
DA:119,3
DA:120,1
DA:121,1
DA:122,3
DA:123,2
DA:124,3
DA:125,11
DA:126,11
DA:127,11
DA:128,1
DA:129,1
DA:130,11
DA:131,11
DA:132,11
DA:133,11
DA:134,11
DA:135,11
DA:136,11
DA:137,11
DA:138,11
DA:139,11
DA:140,11
DA:141,11
DA:142,11
DA:143,1
DA:144,1
DA:145,11
DA:146,0
DA:147,11
DA:148,11
DA:149,11
DA:150,1
DA:151,1
DA:152,1
DA:153,1
LF:153
LH:152
BRDA:77,0,0,11
BRDA:8,1,0,1
BRDA:12,2,0,23
BRDA:37,3,0,1
BRDA:41,4,0,12
BRDA:49,5,0,54
BRDA:50,6,0,47
BRDA:52,7,0,7
BRDA:55,8,0,9
BRDA:62,9,0,0
BRDA:66,10,0,49
BRDA:70,11,0,1
BRDA:87,12,0,11
BRDA:95,13,0,2
BRDA:96,14,0,3
BRDA:98,15,0,1
BRDA:102,16,0,1
BRDA:108,17,0,3
BRDA:110,18,0,1
BRDA:113,19,0,2
BRDA:117,20,0,3
BRDA:119,21,0,1
BRDA:122,22,0,2
BRDA:129,23,0,11
BRDA:144,24,0,11
BRDA:145,25,0,0
BRF:26
BRH:24
end_of_record
TN:
SF:src/customElements/aa-variable/aa-variable.ts
FN:2,jsep
FN:6,get tag
FN:10,get properties
FN:36,get acceptsElements
FN:40,get observedAttributes
FN:48,AAVariable
FN:53,connectedCallback
FN:70,evaluateValueExpression
FN:100,replaceExpressionIdentifiersWithValues
FNF:9
FNH:9
FNDA:5,jsep
FNDA:1,get tag
FNDA:14,get properties
FNDA:1,get acceptsElements
FNDA:14,get observedAttributes
FNDA:13,AAVariable
FNDA:3,connectedCallback
FNDA:5,evaluateValueExpression
FNDA:10,replaceExpressionIdentifiersWithValues
DA:1,1
DA:2,1
DA:3,1
DA:4,1
DA:5,1
DA:6,1
DA:7,1
DA:8,1
DA:9,1
DA:10,1
DA:11,14
DA:12,14
DA:13,14
DA:14,14
DA:15,14
DA:16,14
DA:17,14
DA:18,14
DA:19,14
DA:20,14
DA:21,14
DA:22,14
DA:23,14
DA:24,14
DA:25,14
DA:26,14
DA:27,14
DA:28,14
DA:29,14
DA:30,14
DA:31,14
DA:32,14
DA:33,14
DA:34,14
DA:35,1
DA:36,1
DA:37,1
DA:38,1
DA:39,1
DA:40,1
DA:41,14
DA:42,14
DA:43,14
DA:44,14
DA:45,1
DA:46,1
DA:47,1
DA:48,1
DA:49,13
DA:50,13
DA:51,13
DA:52,1
DA:53,1
DA:54,3
DA:55,3
DA:56,3
DA:57,3
DA:58,3
DA:59,3
DA:60,3
DA:61,3
DA:62,3
DA:63,3
DA:64,3
DA:65,3
DA:66,3
DA:67,1
DA:68,1
DA:69,1
DA:70,1
DA:71,5
DA:72,5
DA:73,5
DA:74,5
DA:75,5
DA:76,5
DA:77,5
DA:78,5
DA:79,1
DA:80,1
DA:81,1
DA:82,1
DA:83,3
DA:84,1
DA:85,1
DA:86,2
DA:87,1
DA:88,1
DA:89,1
DA:90,1
DA:91,1
DA:92,1
DA:93,1
DA:94,1
DA:95,1
DA:96,5
DA:97,1
DA:98,1
DA:99,5
DA:100,1
DA:101,10
DA:102,10
DA:103,10
DA:104,10
DA:105,10
DA:106,10
DA:107,10
DA:108,10
DA:109,7
DA:110,7
DA:111,7
DA:112,5
DA:113,4
DA:114,3
DA:115,2
DA:116,5
DA:117,7
DA:118,7
DA:119,7
DA:120,10
DA:121,10
DA:122,1
DA:123,1
DA:124,1
DA:125,1
DA:126,1
LF:126
LH:126
BRDA:2,0,0,5
BRDA:6,1,0,1
BRDA:10,2,0,14
BRDA:36,3,0,1
BRDA:40,4,0,14
BRDA:48,5,0,13
BRDA:53,6,0,3
BRDA:70,7,0,5
BRDA:78,8,0,1
BRDA:82,9,0,3
BRDA:83,10,0,1
BRDA:85,11,0,2
BRDA:86,12,0,1
BRDA:86,13,0,1
BRDA:96,14,0,1
BRDA:100,15,0,10
BRDA:103,16,0,5
BRDA:108,17,0,7
BRDA:111,18,0,5
BRDA:112,19,0,1
BRDA:112,20,0,4
BRDA:113,21,0,1
BRDA:113,22,0,3
BRDA:114,23,0,1
BRDA:114,24,0,2
BRDA:107,25,0,7
BRF:26
BRH:26
end_of_record
